[INFO] Scanning for projects...
[INFO] 
[INFO] --------------------< bookingengine:booking-engine >--------------------
[INFO] Building booking-engine 0.0.1-SNAPSHOT
[INFO]   from pom.xml
[INFO] --------------------------------[ jar ]---------------------------------
[INFO] 
[INFO] >>> spring-boot:4.0.1:run (default-cli) > test-compile @ booking-engine >>>
[INFO] 
[INFO] --- resources:3.3.1:resources (default-resources) @ booking-engine ---
[INFO] Copying 1 resource from src\main\resources to target\classes
[INFO] Copying 8 resources from src\main\resources to target\classes
[INFO] 
[INFO] --- compiler:3.14.1:compile (default-compile) @ booking-engine ---
[INFO] Nothing to compile - all classes are up to date.
[INFO] 
[INFO] --- resources:3.3.1:testResources (default-testResources) @ booking-engine ---
[INFO] skip non existing resourceDirectory C:\Users\attoy\IdeaProjects\ESIEA-S2-booking-engine\be-back\src\test\resources
[INFO] 
[INFO] --- compiler:3.14.1:testCompile (default-testCompile) @ booking-engine ---
[INFO] Nothing to compile - all classes are up to date.
[INFO] 
[INFO] <<< spring-boot:4.0.1:run (default-cli) < test-compile @ booking-engine <<<
[INFO] 
[INFO] 
[INFO] --- spring-boot:4.0.1:run (default-cli) @ booking-engine ---
[INFO] Attaching agents: []

  .   ____          _            __ _ _
 /\\ / ___'_ __ _ _(_)_ __  __ _ \ \ \ \
( ( )\___ | '_ | '_| | '_ \/ _` | \ \ \ \
 \\/  ___)| |_)| | | | | || (_| |  ) ) ) )
  '  |____| .__|_| |_|_| |_\__, | / / / /
 =========|_|==============|___/=/_/_/_/

 :: Spring Boot ::                (v4.0.1)

2026-01-18T03:17:47.247+01:00  INFO 34860 --- [booking-engine] [  restartedMain] bookingengine.BookingEngineApplication   : Starting BookingEngineApplication using Java 24.0.1 with PID 34860 (C:\Users\attoy\IdeaProjects\ESIEA-S2-booking-engine\be-back\target\classes started by attoy in C:\Users\attoy\IdeaProjects\ESIEA-S2-booking-engine\be-back)
2026-01-18T03:17:47.252+01:00  INFO 34860 --- [booking-engine] [  restartedMain] bookingengine.BookingEngineApplication   : No active profile set, falling back to 1 default profile: "default"
2026-01-18T03:17:47.308+01:00  INFO 34860 --- [booking-engine] [  restartedMain] .e.DevToolsPropertyDefaultsPostProcessor : Devtools property defaults active! Set 'spring.devtools.add-properties' to 'false' to disable
2026-01-18T03:17:47.309+01:00  INFO 34860 --- [booking-engine] [  restartedMain] .e.DevToolsPropertyDefaultsPostProcessor : For additional web related logging consider setting the 'logging.level.web' property to 'DEBUG'
2026-01-18T03:17:47.334+01:00  INFO 34860 --- [booking-engine] [  restartedMain] .s.b.d.c.l.DockerComposeLifecycleManager : Using Docker Compose file C:\Users\attoy\IdeaProjects\ESIEA-S2-booking-engine\be-back\compose.yaml
2026-01-18T03:17:49.119+01:00  INFO 34860 --- [booking-engine] [utReader-stderr] o.s.boot.docker.compose.core.DockerCli   :  Container be-back-postgres-1  Starting
2026-01-18T03:17:49.126+01:00  INFO 34860 --- [booking-engine] [utReader-stderr] o.s.boot.docker.compose.core.DockerCli   :  Container be-back-kafka-1  Starting
2026-01-18T03:17:49.453+01:00  INFO 34860 --- [booking-engine] [utReader-stderr] o.s.boot.docker.compose.core.DockerCli   :  Container be-back-kafka-1  Started
2026-01-18T03:17:49.494+01:00  INFO 34860 --- [booking-engine] [utReader-stderr] o.s.boot.docker.compose.core.DockerCli   :  Container be-back-postgres-1  Started
2026-01-18T03:17:49.494+01:00  INFO 34860 --- [booking-engine] [utReader-stderr] o.s.boot.docker.compose.core.DockerCli   :  Container be-back-kafka-1  Waiting
2026-01-18T03:17:49.495+01:00  INFO 34860 --- [booking-engine] [utReader-stderr] o.s.boot.docker.compose.core.DockerCli   :  Container be-back-postgres-1  Waiting
2026-01-18T03:17:50.003+01:00  INFO 34860 --- [booking-engine] [utReader-stderr] o.s.boot.docker.compose.core.DockerCli   :  Container be-back-kafka-1  Healthy
2026-01-18T03:17:50.005+01:00  INFO 34860 --- [booking-engine] [utReader-stderr] o.s.boot.docker.compose.core.DockerCli   :  Container be-back-postgres-1  Healthy
2026-01-18T03:18:03.047+01:00  INFO 34860 --- [booking-engine] [  restartedMain] .s.d.r.c.RepositoryConfigurationDelegate : Bootstrapping Spring Data JPA repositories in DEFAULT mode.
2026-01-18T03:18:03.156+01:00  INFO 34860 --- [booking-engine] [  restartedMain] .s.d.r.c.RepositoryConfigurationDelegate : Finished Spring Data repository scanning in 91 ms. Found 5 JPA repository interfaces.
2026-01-18T03:18:03.963+01:00  INFO 34860 --- [booking-engine] [  restartedMain] o.s.boot.tomcat.TomcatWebServer          : Tomcat initialized with port 8080 (http)
2026-01-18T03:18:03.986+01:00  INFO 34860 --- [booking-engine] [  restartedMain] o.apache.catalina.core.StandardService   : Starting service [Tomcat]
2026-01-18T03:18:03.988+01:00  INFO 34860 --- [booking-engine] [  restartedMain] o.apache.catalina.core.StandardEngine    : Starting Servlet engine: [Apache Tomcat/11.0.15]
2026-01-18T03:18:04.041+01:00  INFO 34860 --- [booking-engine] [  restartedMain] b.w.c.s.WebApplicationContextInitializer : Root WebApplicationContext: initialization completed in 2264 ms
2026-01-18T03:18:04.196+01:00  INFO 34860 --- [booking-engine] [  restartedMain] com.zaxxer.hikari.HikariDataSource       : HikariPool-1 - Starting...
2026-01-18T03:18:04.384+01:00  INFO 34860 --- [booking-engine] [  restartedMain] com.zaxxer.hikari.pool.HikariPool        : HikariPool-1 - Added connection org.postgresql.jdbc.PgConnection@176e4f79
2026-01-18T03:18:04.392+01:00  INFO 34860 --- [booking-engine] [  restartedMain] com.zaxxer.hikari.HikariDataSource       : HikariPool-1 - Start completed.
2026-01-18T03:18:04.531+01:00  INFO 34860 --- [booking-engine] [  restartedMain] org.hibernate.orm.jpa                    : HHH008540: Processing PersistenceUnitInfo [name: default]
2026-01-18T03:18:04.612+01:00  INFO 34860 --- [booking-engine] [  restartedMain] org.hibernate.orm.core                   : HHH000001: Hibernate ORM core version 7.2.0.Final
2026-01-18T03:18:05.225+01:00  INFO 34860 --- [booking-engine] [  restartedMain] o.s.o.j.p.SpringPersistenceUnitInfo      : No LoadTimeWeaver setup: ignoring JPA class transformer
2026-01-18T03:18:05.324+01:00  INFO 34860 --- [booking-engine] [  restartedMain] org.hibernate.orm.connections.pooling    : HHH10001005: Database info:
	Database JDBC URL [jdbc:postgresql://127.0.0.1:5432/mydatabase?ApplicationName=booking-engine]
	Database driver: PostgreSQL JDBC Driver
	Database dialect: PostgreSQLDialect
	Database version: 18.1
	Default catalog/schema: mydatabase/public
	Autocommit mode: undefined/unknown
	Isolation level: READ_COMMITTED [default READ_COMMITTED]
	JDBC fetch size: none
	Pool: DataSourceConnectionProvider
	Minimum pool size: undefined/unknown
	Maximum pool size: undefined/unknown
2026-01-18T03:18:06.385+01:00  INFO 34860 --- [booking-engine] [  restartedMain] org.hibernate.orm.core                   : HHH000489: No JTA platform available (set 'hibernate.transaction.jta.platform' to enable JTA platform integration)
2026-01-18T03:18:06.458+01:00  INFO 34860 --- [booking-engine] [  restartedMain] j.LocalContainerEntityManagerFactoryBean : Initialized JPA EntityManagerFactory for persistence unit 'default'
2026-01-18T03:18:06.598+01:00  INFO 34860 --- [booking-engine] [  restartedMain] o.s.d.j.r.query.QueryEnhancerFactories   : Hibernate is in classpath; If applicable, HQL parser will be used.
2026-01-18T03:18:07.874+01:00  INFO 34860 --- [booking-engine] [  restartedMain] r$InitializeUserDetailsManagerConfigurer : Global AuthenticationManager configured with UserDetailsService bean with name userDetailsService
2026-01-18T03:18:08.101+01:00  INFO 34860 --- [booking-engine] [  restartedMain] o.s.b.w.a.WelcomePageHandlerMapping      : Adding welcome page template: index
2026-01-18T03:18:09.068+01:00  INFO 34860 --- [booking-engine] [  restartedMain] o.a.kafka.common.config.AbstractConfig   : AdminClientConfig values: 
	bootstrap.controllers = []
	bootstrap.servers = [localhost:9092]
	client.dns.lookup = use_all_dns_ips
	client.id = booking-engine-admin-0
	connections.max.idle.ms = 300000
	default.api.timeout.ms = 60000
	enable.metrics.push = false
	metadata.max.age.ms = 300000
	metadata.recovery.rebootstrap.trigger.ms = 300000
	metadata.recovery.strategy = rebootstrap
	metric.reporters = [org.apache.kafka.common.metrics.JmxReporter]
	metrics.num.samples = 2
	metrics.recording.level = INFO
	metrics.sample.window.ms = 30000
	receive.buffer.bytes = 65536
	reconnect.backoff.max.ms = 1000
	reconnect.backoff.ms = 50
	request.timeout.ms = 30000
	retries = 2147483647
	retry.backoff.max.ms = 1000
	retry.backoff.ms = 100
	sasl.client.callback.handler.class = null
	sasl.jaas.config = null
	sasl.kerberos.kinit.cmd = /usr/bin/kinit
	sasl.kerberos.min.time.before.relogin = 60000
	sasl.kerberos.service.name = null
	sasl.kerberos.ticket.renew.jitter = 0.05
	sasl.kerberos.ticket.renew.window.factor = 0.8
	sasl.login.callback.handler.class = null
	sasl.login.class = null
	sasl.login.connect.timeout.ms = null
	sasl.login.read.timeout.ms = null
	sasl.login.refresh.buffer.seconds = 300
	sasl.login.refresh.min.period.seconds = 60
	sasl.login.refresh.window.factor = 0.8
	sasl.login.refresh.window.jitter = 0.05
	sasl.login.retry.backoff.max.ms = 10000
	sasl.login.retry.backoff.ms = 100
	sasl.mechanism = GSSAPI
	sasl.oauthbearer.assertion.algorithm = RS256
	sasl.oauthbearer.assertion.claim.aud = null
	sasl.oauthbearer.assertion.claim.exp.seconds = 300
	sasl.oauthbearer.assertion.claim.iss = null
	sasl.oauthbearer.assertion.claim.jti.include = false
	sasl.oauthbearer.assertion.claim.nbf.seconds = 60
	sasl.oauthbearer.assertion.claim.sub = null
	sasl.oauthbearer.assertion.file = null
	sasl.oauthbearer.assertion.private.key.file = null
	sasl.oauthbearer.assertion.private.key.passphrase = null
	sasl.oauthbearer.assertion.template.file = null
	sasl.oauthbearer.client.credentials.client.id = null
	sasl.oauthbearer.client.credentials.client.secret = null
	sasl.oauthbearer.clock.skew.seconds = 30
	sasl.oauthbearer.expected.audience = null
	sasl.oauthbearer.expected.issuer = null
	sasl.oauthbearer.header.urlencode = false
	sasl.oauthbearer.jwks.endpoint.refresh.ms = 3600000
	sasl.oauthbearer.jwks.endpoint.retry.backoff.max.ms = 10000
	sasl.oauthbearer.jwks.endpoint.retry.backoff.ms = 100
	sasl.oauthbearer.jwks.endpoint.url = null
	sasl.oauthbearer.jwt.retriever.class = class org.apache.kafka.common.security.oauthbearer.DefaultJwtRetriever
	sasl.oauthbearer.jwt.validator.class = class org.apache.kafka.common.security.oauthbearer.DefaultJwtValidator
	sasl.oauthbearer.scope = null
	sasl.oauthbearer.scope.claim.name = scope
	sasl.oauthbearer.sub.claim.name = sub
	sasl.oauthbearer.token.endpoint.url = null
	security.protocol = PLAINTEXT
	security.providers = null
	send.buffer.bytes = 131072
	socket.connection.setup.timeout.max.ms = 30000
	socket.connection.setup.timeout.ms = 10000
	ssl.cipher.suites = null
	ssl.enabled.protocols = [TLSv1.2, TLSv1.3]
	ssl.endpoint.identification.algorithm = https
	ssl.engine.factory.class = null
	ssl.key.password = null
	ssl.keymanager.algorithm = SunX509
	ssl.keystore.certificate.chain = null
	ssl.keystore.key = null
	ssl.keystore.location = null
	ssl.keystore.password = null
	ssl.keystore.type = JKS
	ssl.protocol = TLSv1.3
	ssl.provider = null
	ssl.secure.random.implementation = null
	ssl.trustmanager.algorithm = PKIX
	ssl.truststore.certificates = null
	ssl.truststore.location = null
	ssl.truststore.password = null
	ssl.truststore.type = JKS

2026-01-18T03:18:09.211+01:00  INFO 34860 --- [booking-engine] [  restartedMain] o.a.kafka.common.utils.AppInfoParser     : Kafka version: 4.1.1
2026-01-18T03:18:09.218+01:00  INFO 34860 --- [booking-engine] [  restartedMain] o.a.kafka.common.utils.AppInfoParser     : Kafka commitId: be816b82d25370ce
2026-01-18T03:18:09.218+01:00  INFO 34860 --- [booking-engine] [  restartedMain] o.a.kafka.common.utils.AppInfoParser     : Kafka startTimeMs: 1768702689211
2026-01-18T03:18:09.613+01:00  INFO 34860 --- [booking-engine] [  restartedMain] o.apache.kafka.common.metrics.Metrics    : Metrics scheduler closed
2026-01-18T03:18:09.620+01:00  INFO 34860 --- [booking-engine] [  restartedMain] o.apache.kafka.common.metrics.Metrics    : Closing reporter org.apache.kafka.common.metrics.JmxReporter
2026-01-18T03:18:09.622+01:00  INFO 34860 --- [booking-engine] [  restartedMain] o.apache.kafka.common.metrics.Metrics    : Metrics reporters closed
2026-01-18T03:18:09.622+01:00  INFO 34860 --- [booking-engine] [-engine-admin-0] o.a.kafka.common.utils.AppInfoParser     : App info kafka.admin.client for booking-engine-admin-0 unregistered
2026-01-18T03:18:09.629+01:00  INFO 34860 --- [booking-engine] [-engine-admin-0] o.apache.kafka.common.metrics.Metrics    : Metrics scheduler closed
2026-01-18T03:18:09.630+01:00  INFO 34860 --- [booking-engine] [-engine-admin-0] o.apache.kafka.common.metrics.Metrics    : Closing reporter org.apache.kafka.common.metrics.JmxReporter
2026-01-18T03:18:09.630+01:00  INFO 34860 --- [booking-engine] [-engine-admin-0] o.apache.kafka.common.metrics.Metrics    : Metrics reporters closed
2026-01-18T03:18:09.646+01:00  INFO 34860 --- [booking-engine] [  restartedMain] o.s.boot.tomcat.TomcatWebServer          : Tomcat started on port 8080 (http) with context path '/'
2026-01-18T03:18:09.676+01:00  INFO 34860 --- [booking-engine] [  restartedMain] o.a.kafka.common.config.AbstractConfig   : ConsumerConfig values: 
	allow.auto.create.topics = true
	auto.commit.interval.ms = 5000
	auto.offset.reset = earliest
	bootstrap.servers = [localhost:9092]
	check.crcs = true
	client.dns.lookup = use_all_dns_ips
	client.id = consumer-booking-engine-1
	client.rack = 
	connections.max.idle.ms = 540000
	default.api.timeout.ms = 60000
	enable.auto.commit = false
	enable.metrics.push = true
	exclude.internal.topics = true
	fetch.max.bytes = 52428800
	fetch.max.wait.ms = 500
	fetch.min.bytes = 1
	group.id = booking-engine
	group.instance.id = null
	group.protocol = classic
	group.remote.assignor = null
	heartbeat.interval.ms = 3000
	interceptor.classes = []
	internal.leave.group.on.close = true
	internal.throw.on.fetch.stable.offset.unsupported = false
	isolation.level = read_uncommitted
	key.deserializer = class org.apache.kafka.common.serialization.StringDeserializer
	max.partition.fetch.bytes = 1048576
	max.poll.interval.ms = 300000
	max.poll.records = 500
	metadata.max.age.ms = 300000
	metadata.recovery.rebootstrap.trigger.ms = 300000
	metadata.recovery.strategy = rebootstrap
	metric.reporters = [org.apache.kafka.common.metrics.JmxReporter]
	metrics.num.samples = 2
	metrics.recording.level = INFO
	metrics.sample.window.ms = 30000
	partition.assignment.strategy = [class org.apache.kafka.clients.consumer.RangeAssignor, class org.apache.kafka.clients.consumer.CooperativeStickyAssignor]
	receive.buffer.bytes = 65536
	reconnect.backoff.max.ms = 1000
	reconnect.backoff.ms = 50
	request.timeout.ms = 30000
	retry.backoff.max.ms = 1000
	retry.backoff.ms = 100
	sasl.client.callback.handler.class = null
	sasl.jaas.config = null
	sasl.kerberos.kinit.cmd = /usr/bin/kinit
	sasl.kerberos.min.time.before.relogin = 60000
	sasl.kerberos.service.name = null
	sasl.kerberos.ticket.renew.jitter = 0.05
	sasl.kerberos.ticket.renew.window.factor = 0.8
	sasl.login.callback.handler.class = null
	sasl.login.class = null
	sasl.login.connect.timeout.ms = null
	sasl.login.read.timeout.ms = null
	sasl.login.refresh.buffer.seconds = 300
	sasl.login.refresh.min.period.seconds = 60
	sasl.login.refresh.window.factor = 0.8
	sasl.login.refresh.window.jitter = 0.05
	sasl.login.retry.backoff.max.ms = 10000
	sasl.login.retry.backoff.ms = 100
	sasl.mechanism = GSSAPI
	sasl.oauthbearer.assertion.algorithm = RS256
	sasl.oauthbearer.assertion.claim.aud = null
	sasl.oauthbearer.assertion.claim.exp.seconds = 300
	sasl.oauthbearer.assertion.claim.iss = null
	sasl.oauthbearer.assertion.claim.jti.include = false
	sasl.oauthbearer.assertion.claim.nbf.seconds = 60
	sasl.oauthbearer.assertion.claim.sub = null
	sasl.oauthbearer.assertion.file = null
	sasl.oauthbearer.assertion.private.key.file = null
	sasl.oauthbearer.assertion.private.key.passphrase = null
	sasl.oauthbearer.assertion.template.file = null
	sasl.oauthbearer.client.credentials.client.id = null
	sasl.oauthbearer.client.credentials.client.secret = null
	sasl.oauthbearer.clock.skew.seconds = 30
	sasl.oauthbearer.expected.audience = null
	sasl.oauthbearer.expected.issuer = null
	sasl.oauthbearer.header.urlencode = false
	sasl.oauthbearer.jwks.endpoint.refresh.ms = 3600000
	sasl.oauthbearer.jwks.endpoint.retry.backoff.max.ms = 10000
	sasl.oauthbearer.jwks.endpoint.retry.backoff.ms = 100
	sasl.oauthbearer.jwks.endpoint.url = null
	sasl.oauthbearer.jwt.retriever.class = class org.apache.kafka.common.security.oauthbearer.DefaultJwtRetriever
	sasl.oauthbearer.jwt.validator.class = class org.apache.kafka.common.security.oauthbearer.DefaultJwtValidator
	sasl.oauthbearer.scope = null
	sasl.oauthbearer.scope.claim.name = scope
	sasl.oauthbearer.sub.claim.name = sub
	sasl.oauthbearer.token.endpoint.url = null
	security.protocol = PLAINTEXT
	security.providers = null
	send.buffer.bytes = 131072
	session.timeout.ms = 45000
	share.acknowledgement.mode = implicit
	socket.connection.setup.timeout.max.ms = 30000
	socket.connection.setup.timeout.ms = 10000
	ssl.cipher.suites = null
	ssl.enabled.protocols = [TLSv1.2, TLSv1.3]
	ssl.endpoint.identification.algorithm = https
	ssl.engine.factory.class = null
	ssl.key.password = null
	ssl.keymanager.algorithm = SunX509
	ssl.keystore.certificate.chain = null
	ssl.keystore.key = null
	ssl.keystore.location = null
	ssl.keystore.password = null
	ssl.keystore.type = JKS
	ssl.protocol = TLSv1.3
	ssl.provider = null
	ssl.secure.random.implementation = null
	ssl.trustmanager.algorithm = PKIX
	ssl.truststore.certificates = null
	ssl.truststore.location = null
	ssl.truststore.password = null
	ssl.truststore.type = JKS
	value.deserializer = class org.apache.kafka.common.serialization.StringDeserializer

2026-01-18T03:18:09.708+01:00  INFO 34860 --- [booking-engine] [  restartedMain] o.a.k.c.t.i.KafkaMetricsCollector        : initializing Kafka metrics collector
2026-01-18T03:18:09.758+01:00  INFO 34860 --- [booking-engine] [  restartedMain] o.a.kafka.common.utils.AppInfoParser     : Kafka version: 4.1.1
2026-01-18T03:18:09.758+01:00  INFO 34860 --- [booking-engine] [  restartedMain] o.a.kafka.common.utils.AppInfoParser     : Kafka commitId: be816b82d25370ce
2026-01-18T03:18:09.758+01:00  INFO 34860 --- [booking-engine] [  restartedMain] o.a.kafka.common.utils.AppInfoParser     : Kafka startTimeMs: 1768702689758
2026-01-18T03:18:09.760+01:00  INFO 34860 --- [booking-engine] [  restartedMain] o.a.k.c.c.i.ClassicKafkaConsumer         : [Consumer clientId=consumer-booking-engine-1, groupId=booking-engine] Subscribed to topic(s): booking.saisons
2026-01-18T03:18:09.768+01:00  INFO 34860 --- [booking-engine] [  restartedMain] o.a.kafka.common.config.AbstractConfig   : ConsumerConfig values: 
	allow.auto.create.topics = true
	auto.commit.interval.ms = 5000
	auto.offset.reset = earliest
	bootstrap.servers = [localhost:9092]
	check.crcs = true
	client.dns.lookup = use_all_dns_ips
	client.id = consumer-booking-engine-2
	client.rack = 
	connections.max.idle.ms = 540000
	default.api.timeout.ms = 60000
	enable.auto.commit = false
	enable.metrics.push = true
	exclude.internal.topics = true
	fetch.max.bytes = 52428800
	fetch.max.wait.ms = 500
	fetch.min.bytes = 1
	group.id = booking-engine
	group.instance.id = null
	group.protocol = classic
	group.remote.assignor = null
	heartbeat.interval.ms = 3000
	interceptor.classes = []
	internal.leave.group.on.close = true
	internal.throw.on.fetch.stable.offset.unsupported = false
	isolation.level = read_uncommitted
	key.deserializer = class org.apache.kafka.common.serialization.StringDeserializer
	max.partition.fetch.bytes = 1048576
	max.poll.interval.ms = 300000
	max.poll.records = 500
	metadata.max.age.ms = 300000
	metadata.recovery.rebootstrap.trigger.ms = 300000
	metadata.recovery.strategy = rebootstrap
	metric.reporters = [org.apache.kafka.common.metrics.JmxReporter]
	metrics.num.samples = 2
	metrics.recording.level = INFO
	metrics.sample.window.ms = 30000
	partition.assignment.strategy = [class org.apache.kafka.clients.consumer.RangeAssignor, class org.apache.kafka.clients.consumer.CooperativeStickyAssignor]
	receive.buffer.bytes = 65536
	reconnect.backoff.max.ms = 1000
	reconnect.backoff.ms = 50
	request.timeout.ms = 30000
	retry.backoff.max.ms = 1000
	retry.backoff.ms = 100
	sasl.client.callback.handler.class = null
	sasl.jaas.config = null
	sasl.kerberos.kinit.cmd = /usr/bin/kinit
	sasl.kerberos.min.time.before.relogin = 60000
	sasl.kerberos.service.name = null
	sasl.kerberos.ticket.renew.jitter = 0.05
	sasl.kerberos.ticket.renew.window.factor = 0.8
	sasl.login.callback.handler.class = null
	sasl.login.class = null
	sasl.login.connect.timeout.ms = null
	sasl.login.read.timeout.ms = null
	sasl.login.refresh.buffer.seconds = 300
	sasl.login.refresh.min.period.seconds = 60
	sasl.login.refresh.window.factor = 0.8
	sasl.login.refresh.window.jitter = 0.05
	sasl.login.retry.backoff.max.ms = 10000
	sasl.login.retry.backoff.ms = 100
	sasl.mechanism = GSSAPI
	sasl.oauthbearer.assertion.algorithm = RS256
	sasl.oauthbearer.assertion.claim.aud = null
	sasl.oauthbearer.assertion.claim.exp.seconds = 300
	sasl.oauthbearer.assertion.claim.iss = null
	sasl.oauthbearer.assertion.claim.jti.include = false
	sasl.oauthbearer.assertion.claim.nbf.seconds = 60
	sasl.oauthbearer.assertion.claim.sub = null
	sasl.oauthbearer.assertion.file = null
	sasl.oauthbearer.assertion.private.key.file = null
	sasl.oauthbearer.assertion.private.key.passphrase = null
	sasl.oauthbearer.assertion.template.file = null
	sasl.oauthbearer.client.credentials.client.id = null
	sasl.oauthbearer.client.credentials.client.secret = null
	sasl.oauthbearer.clock.skew.seconds = 30
	sasl.oauthbearer.expected.audience = null
	sasl.oauthbearer.expected.issuer = null
	sasl.oauthbearer.header.urlencode = false
	sasl.oauthbearer.jwks.endpoint.refresh.ms = 3600000
	sasl.oauthbearer.jwks.endpoint.retry.backoff.max.ms = 10000
	sasl.oauthbearer.jwks.endpoint.retry.backoff.ms = 100
	sasl.oauthbearer.jwks.endpoint.url = null
	sasl.oauthbearer.jwt.retriever.class = class org.apache.kafka.common.security.oauthbearer.DefaultJwtRetriever
	sasl.oauthbearer.jwt.validator.class = class org.apache.kafka.common.security.oauthbearer.DefaultJwtValidator
	sasl.oauthbearer.scope = null
	sasl.oauthbearer.scope.claim.name = scope
	sasl.oauthbearer.sub.claim.name = sub
	sasl.oauthbearer.token.endpoint.url = null
	security.protocol = PLAINTEXT
	security.providers = null
	send.buffer.bytes = 131072
	session.timeout.ms = 45000
	share.acknowledgement.mode = implicit
	socket.connection.setup.timeout.max.ms = 30000
	socket.connection.setup.timeout.ms = 10000
	ssl.cipher.suites = null
	ssl.enabled.protocols = [TLSv1.2, TLSv1.3]
	ssl.endpoint.identification.algorithm = https
	ssl.engine.factory.class = null
	ssl.key.password = null
	ssl.keymanager.algorithm = SunX509
	ssl.keystore.certificate.chain = null
	ssl.keystore.key = null
	ssl.keystore.location = null
	ssl.keystore.password = null
	ssl.keystore.type = JKS
	ssl.protocol = TLSv1.3
	ssl.provider = null
	ssl.secure.random.implementation = null
	ssl.trustmanager.algorithm = PKIX
	ssl.truststore.certificates = null
	ssl.truststore.location = null
	ssl.truststore.password = null
	ssl.truststore.type = JKS
	value.deserializer = class org.apache.kafka.common.serialization.StringDeserializer

2026-01-18T03:18:09.769+01:00  INFO 34860 --- [booking-engine] [  restartedMain] o.a.k.c.t.i.KafkaMetricsCollector        : initializing Kafka metrics collector
2026-01-18T03:18:09.798+01:00  INFO 34860 --- [booking-engine] [  restartedMain] o.a.kafka.common.utils.AppInfoParser     : Kafka version: 4.1.1
2026-01-18T03:18:09.807+01:00  INFO 34860 --- [booking-engine] [  restartedMain] o.a.kafka.common.utils.AppInfoParser     : Kafka commitId: be816b82d25370ce
2026-01-18T03:18:09.819+01:00  INFO 34860 --- [booking-engine] [  restartedMain] o.a.kafka.common.utils.AppInfoParser     : Kafka startTimeMs: 1768702689798
2026-01-18T03:18:09.820+01:00  INFO 34860 --- [booking-engine] [  restartedMain] o.a.k.c.c.i.ClassicKafkaConsumer         : [Consumer clientId=consumer-booking-engine-2, groupId=booking-engine] Subscribed to topic(s): booking.payments
2026-01-18T03:18:09.824+01:00  INFO 34860 --- [booking-engine] [  restartedMain] o.a.kafka.common.config.AbstractConfig   : ConsumerConfig values: 
	allow.auto.create.topics = true
	auto.commit.interval.ms = 5000
	auto.offset.reset = earliest
	bootstrap.servers = [localhost:9092]
	check.crcs = true
	client.dns.lookup = use_all_dns_ips
	client.id = consumer-booking-engine-3
	client.rack = 
	connections.max.idle.ms = 540000
	default.api.timeout.ms = 60000
	enable.auto.commit = false
	enable.metrics.push = true
	exclude.internal.topics = true
	fetch.max.bytes = 52428800
	fetch.max.wait.ms = 500
	fetch.min.bytes = 1
	group.id = booking-engine
	group.instance.id = null
	group.protocol = classic
	group.remote.assignor = null
	heartbeat.interval.ms = 3000
	interceptor.classes = []
	internal.leave.group.on.close = true
	internal.throw.on.fetch.stable.offset.unsupported = false
	isolation.level = read_uncommitted
	key.deserializer = class org.apache.kafka.common.serialization.StringDeserializer
	max.partition.fetch.bytes = 1048576
	max.poll.interval.ms = 300000
	max.poll.records = 500
	metadata.max.age.ms = 300000
	metadata.recovery.rebootstrap.trigger.ms = 300000
	metadata.recovery.strategy = rebootstrap
	metric.reporters = [org.apache.kafka.common.metrics.JmxReporter]
	metrics.num.samples = 2
	metrics.recording.level = INFO
	metrics.sample.window.ms = 30000
	partition.assignment.strategy = [class org.apache.kafka.clients.consumer.RangeAssignor, class org.apache.kafka.clients.consumer.CooperativeStickyAssignor]
	receive.buffer.bytes = 65536
	reconnect.backoff.max.ms = 1000
	reconnect.backoff.ms = 50
	request.timeout.ms = 30000
	retry.backoff.max.ms = 1000
	retry.backoff.ms = 100
	sasl.client.callback.handler.class = null
	sasl.jaas.config = null
	sasl.kerberos.kinit.cmd = /usr/bin/kinit
	sasl.kerberos.min.time.before.relogin = 60000
	sasl.kerberos.service.name = null
	sasl.kerberos.ticket.renew.jitter = 0.05
	sasl.kerberos.ticket.renew.window.factor = 0.8
	sasl.login.callback.handler.class = null
	sasl.login.class = null
	sasl.login.connect.timeout.ms = null
	sasl.login.read.timeout.ms = null
	sasl.login.refresh.buffer.seconds = 300
	sasl.login.refresh.min.period.seconds = 60
	sasl.login.refresh.window.factor = 0.8
	sasl.login.refresh.window.jitter = 0.05
	sasl.login.retry.backoff.max.ms = 10000
	sasl.login.retry.backoff.ms = 100
	sasl.mechanism = GSSAPI
	sasl.oauthbearer.assertion.algorithm = RS256
	sasl.oauthbearer.assertion.claim.aud = null
	sasl.oauthbearer.assertion.claim.exp.seconds = 300
	sasl.oauthbearer.assertion.claim.iss = null
	sasl.oauthbearer.assertion.claim.jti.include = false
	sasl.oauthbearer.assertion.claim.nbf.seconds = 60
	sasl.oauthbearer.assertion.claim.sub = null
	sasl.oauthbearer.assertion.file = null
	sasl.oauthbearer.assertion.private.key.file = null
	sasl.oauthbearer.assertion.private.key.passphrase = null
	sasl.oauthbearer.assertion.template.file = null
	sasl.oauthbearer.client.credentials.client.id = null
	sasl.oauthbearer.client.credentials.client.secret = null
	sasl.oauthbearer.clock.skew.seconds = 30
	sasl.oauthbearer.expected.audience = null
	sasl.oauthbearer.expected.issuer = null
	sasl.oauthbearer.header.urlencode = false
	sasl.oauthbearer.jwks.endpoint.refresh.ms = 3600000
	sasl.oauthbearer.jwks.endpoint.retry.backoff.max.ms = 10000
	sasl.oauthbearer.jwks.endpoint.retry.backoff.ms = 100
	sasl.oauthbearer.jwks.endpoint.url = null
	sasl.oauthbearer.jwt.retriever.class = class org.apache.kafka.common.security.oauthbearer.DefaultJwtRetriever
	sasl.oauthbearer.jwt.validator.class = class org.apache.kafka.common.security.oauthbearer.DefaultJwtValidator
	sasl.oauthbearer.scope = null
	sasl.oauthbearer.scope.claim.name = scope
	sasl.oauthbearer.sub.claim.name = sub
	sasl.oauthbearer.token.endpoint.url = null
	security.protocol = PLAINTEXT
	security.providers = null
	send.buffer.bytes = 131072
	session.timeout.ms = 45000
	share.acknowledgement.mode = implicit
	socket.connection.setup.timeout.max.ms = 30000
	socket.connection.setup.timeout.ms = 10000
	ssl.cipher.suites = null
	ssl.enabled.protocols = [TLSv1.2, TLSv1.3]
	ssl.endpoint.identification.algorithm = https
	ssl.engine.factory.class = null
	ssl.key.password = null
	ssl.keymanager.algorithm = SunX509
	ssl.keystore.certificate.chain = null
	ssl.keystore.key = null
	ssl.keystore.location = null
	ssl.keystore.password = null
	ssl.keystore.type = JKS
	ssl.protocol = TLSv1.3
	ssl.provider = null
	ssl.secure.random.implementation = null
	ssl.trustmanager.algorithm = PKIX
	ssl.truststore.certificates = null
	ssl.truststore.location = null
	ssl.truststore.password = null
	ssl.truststore.type = JKS
	value.deserializer = class org.apache.kafka.common.serialization.StringDeserializer

2026-01-18T03:18:09.825+01:00  INFO 34860 --- [booking-engine] [  restartedMain] o.a.k.c.t.i.KafkaMetricsCollector        : initializing Kafka metrics collector
2026-01-18T03:18:09.835+01:00  INFO 34860 --- [booking-engine] [  restartedMain] o.a.kafka.common.utils.AppInfoParser     : Kafka version: 4.1.1
2026-01-18T03:18:09.836+01:00  INFO 34860 --- [booking-engine] [  restartedMain] o.a.kafka.common.utils.AppInfoParser     : Kafka commitId: be816b82d25370ce
2026-01-18T03:18:09.836+01:00  INFO 34860 --- [booking-engine] [  restartedMain] o.a.kafka.common.utils.AppInfoParser     : Kafka startTimeMs: 1768702689835
2026-01-18T03:18:09.837+01:00  INFO 34860 --- [booking-engine] [  restartedMain] o.a.k.c.c.i.ClassicKafkaConsumer         : [Consumer clientId=consumer-booking-engine-3, groupId=booking-engine] Subscribed to topic(s): booking.reservations
2026-01-18T03:18:09.839+01:00  INFO 34860 --- [booking-engine] [ntainer#3-0-C-1] org.apache.kafka.clients.Metadata        : [Consumer clientId=consumer-booking-engine-2, groupId=booking-engine] Cluster ID: 5L6g3nShT-eMCtK--X86sw
2026-01-18T03:18:09.839+01:00  INFO 34860 --- [booking-engine] [ntainer#2-0-C-1] org.apache.kafka.clients.Metadata        : [Consumer clientId=consumer-booking-engine-1, groupId=booking-engine] Cluster ID: 5L6g3nShT-eMCtK--X86sw
2026-01-18T03:18:09.841+01:00  INFO 34860 --- [booking-engine] [  restartedMain] o.a.kafka.common.config.AbstractConfig   : ConsumerConfig values: 
	allow.auto.create.topics = true
	auto.commit.interval.ms = 5000
	auto.offset.reset = earliest
	bootstrap.servers = [localhost:9092]
	check.crcs = true
	client.dns.lookup = use_all_dns_ips
	client.id = consumer-booking-engine-4
	client.rack = 
	connections.max.idle.ms = 540000
	default.api.timeout.ms = 60000
	enable.auto.commit = false
	enable.metrics.push = true
	exclude.internal.topics = true
	fetch.max.bytes = 52428800
	fetch.max.wait.ms = 500
	fetch.min.bytes = 1
	group.id = booking-engine
	group.instance.id = null
	group.protocol = classic
	group.remote.assignor = null
	heartbeat.interval.ms = 3000
	interceptor.classes = []
	internal.leave.group.on.close = true
	internal.throw.on.fetch.stable.offset.unsupported = false
	isolation.level = read_uncommitted
	key.deserializer = class org.apache.kafka.common.serialization.StringDeserializer
	max.partition.fetch.bytes = 1048576
	max.poll.interval.ms = 300000
	max.poll.records = 500
	metadata.max.age.ms = 300000
	metadata.recovery.rebootstrap.trigger.ms = 300000
	metadata.recovery.strategy = rebootstrap
	metric.reporters = [org.apache.kafka.common.metrics.JmxReporter]
	metrics.num.samples = 2
	metrics.recording.level = INFO
	metrics.sample.window.ms = 30000
	partition.assignment.strategy = [class org.apache.kafka.clients.consumer.RangeAssignor, class org.apache.kafka.clients.consumer.CooperativeStickyAssignor]
	receive.buffer.bytes = 65536
	reconnect.backoff.max.ms = 1000
	reconnect.backoff.ms = 50
	request.timeout.ms = 30000
	retry.backoff.max.ms = 1000
	retry.backoff.ms = 100
	sasl.client.callback.handler.class = null
	sasl.jaas.config = null
	sasl.kerberos.kinit.cmd = /usr/bin/kinit
	sasl.kerberos.min.time.before.relogin = 60000
	sasl.kerberos.service.name = null
	sasl.kerberos.ticket.renew.jitter = 0.05
	sasl.kerberos.ticket.renew.window.factor = 0.8
	sasl.login.callback.handler.class = null
	sasl.login.class = null
	sasl.login.connect.timeout.ms = null
	sasl.login.read.timeout.ms = null
	sasl.login.refresh.buffer.seconds = 300
	sasl.login.refresh.min.period.seconds = 60
	sasl.login.refresh.window.factor = 0.8
	sasl.login.refresh.window.jitter = 0.05
	sasl.login.retry.backoff.max.ms = 10000
	sasl.login.retry.backoff.ms = 100
	sasl.mechanism = GSSAPI
	sasl.oauthbearer.assertion.algorithm = RS256
	sasl.oauthbearer.assertion.claim.aud = null
	sasl.oauthbearer.assertion.claim.exp.seconds = 300
	sasl.oauthbearer.assertion.claim.iss = null
	sasl.oauthbearer.assertion.claim.jti.include = false
	sasl.oauthbearer.assertion.claim.nbf.seconds = 60
	sasl.oauthbearer.assertion.claim.sub = null
	sasl.oauthbearer.assertion.file = null
	sasl.oauthbearer.assertion.private.key.file = null
	sasl.oauthbearer.assertion.private.key.passphrase = null
	sasl.oauthbearer.assertion.template.file = null
	sasl.oauthbearer.client.credentials.client.id = null
	sasl.oauthbearer.client.credentials.client.secret = null
	sasl.oauthbearer.clock.skew.seconds = 30
	sasl.oauthbearer.expected.audience = null
	sasl.oauthbearer.expected.issuer = null
	sasl.oauthbearer.header.urlencode = false
	sasl.oauthbearer.jwks.endpoint.refresh.ms = 3600000
	sasl.oauthbearer.jwks.endpoint.retry.backoff.max.ms = 10000
	sasl.oauthbearer.jwks.endpoint.retry.backoff.ms = 100
	sasl.oauthbearer.jwks.endpoint.url = null
	sasl.oauthbearer.jwt.retriever.class = class org.apache.kafka.common.security.oauthbearer.DefaultJwtRetriever
	sasl.oauthbearer.jwt.validator.class = class org.apache.kafka.common.security.oauthbearer.DefaultJwtValidator
	sasl.oauthbearer.scope = null
	sasl.oauthbearer.scope.claim.name = scope
	sasl.oauthbearer.sub.claim.name = sub
	sasl.oauthbearer.token.endpoint.url = null
	security.protocol = PLAINTEXT
	security.providers = null
	send.buffer.bytes = 131072
	session.timeout.ms = 45000
	share.acknowledgement.mode = implicit
	socket.connection.setup.timeout.max.ms = 30000
	socket.connection.setup.timeout.ms = 10000
	ssl.cipher.suites = null
	ssl.enabled.protocols = [TLSv1.2, TLSv1.3]
	ssl.endpoint.identification.algorithm = https
	ssl.engine.factory.class = null
	ssl.key.password = null
	ssl.keymanager.algorithm = SunX509
	ssl.keystore.certificate.chain = null
	ssl.keystore.key = null
	ssl.keystore.location = null
	ssl.keystore.password = null
	ssl.keystore.type = JKS
	ssl.protocol = TLSv1.3
	ssl.provider = null
	ssl.secure.random.implementation = null
	ssl.trustmanager.algorithm = PKIX
	ssl.truststore.certificates = null
	ssl.truststore.location = null
	ssl.truststore.password = null
	ssl.truststore.type = JKS
	value.deserializer = class org.apache.kafka.common.serialization.StringDeserializer

2026-01-18T03:18:09.843+01:00  INFO 34860 --- [booking-engine] [ntainer#3-0-C-1] o.a.k.c.c.internals.ConsumerCoordinator  : [Consumer clientId=consumer-booking-engine-2, groupId=booking-engine] Discovered group coordinator localhost:9092 (id: 2147483646 rack: null isFenced: false)
2026-01-18T03:18:09.843+01:00  INFO 34860 --- [booking-engine] [ntainer#2-0-C-1] o.a.k.c.c.internals.ConsumerCoordinator  : [Consumer clientId=consumer-booking-engine-1, groupId=booking-engine] Discovered group coordinator localhost:9092 (id: 2147483646 rack: null isFenced: false)
2026-01-18T03:18:09.844+01:00  INFO 34860 --- [booking-engine] [  restartedMain] o.a.k.c.t.i.KafkaMetricsCollector        : initializing Kafka metrics collector
2026-01-18T03:18:09.847+01:00  INFO 34860 --- [booking-engine] [ntainer#2-0-C-1] o.a.k.c.c.internals.ConsumerCoordinator  : [Consumer clientId=consumer-booking-engine-1, groupId=booking-engine] (Re-)joining group
2026-01-18T03:18:09.847+01:00  INFO 34860 --- [booking-engine] [ntainer#3-0-C-1] o.a.k.c.c.internals.ConsumerCoordinator  : [Consumer clientId=consumer-booking-engine-2, groupId=booking-engine] (Re-)joining group
2026-01-18T03:18:09.853+01:00  INFO 34860 --- [booking-engine] [ntainer#4-0-C-1] org.apache.kafka.clients.Metadata        : [Consumer clientId=consumer-booking-engine-3, groupId=booking-engine] Cluster ID: 5L6g3nShT-eMCtK--X86sw
2026-01-18T03:18:09.853+01:00  INFO 34860 --- [booking-engine] [ntainer#4-0-C-1] o.a.k.c.c.internals.ConsumerCoordinator  : [Consumer clientId=consumer-booking-engine-3, groupId=booking-engine] Discovered group coordinator localhost:9092 (id: 2147483646 rack: null isFenced: false)
2026-01-18T03:18:09.855+01:00  INFO 34860 --- [booking-engine] [  restartedMain] o.a.kafka.common.utils.AppInfoParser     : Kafka version: 4.1.1
2026-01-18T03:18:09.856+01:00  INFO 34860 --- [booking-engine] [ntainer#4-0-C-1] o.a.k.c.c.internals.ConsumerCoordinator  : [Consumer clientId=consumer-booking-engine-3, groupId=booking-engine] (Re-)joining group
2026-01-18T03:18:09.858+01:00  INFO 34860 --- [booking-engine] [  restartedMain] o.a.kafka.common.utils.AppInfoParser     : Kafka commitId: be816b82d25370ce
2026-01-18T03:18:09.860+01:00  INFO 34860 --- [booking-engine] [  restartedMain] o.a.kafka.common.utils.AppInfoParser     : Kafka startTimeMs: 1768702689855
2026-01-18T03:18:09.861+01:00  INFO 34860 --- [booking-engine] [  restartedMain] o.a.k.c.c.i.ClassicKafkaConsumer         : [Consumer clientId=consumer-booking-engine-4, groupId=booking-engine] Subscribed to topic(s): booking.chambres
2026-01-18T03:18:09.868+01:00  INFO 34860 --- [booking-engine] [  restartedMain] o.a.kafka.common.config.AbstractConfig   : ConsumerConfig values: 
	allow.auto.create.topics = true
	auto.commit.interval.ms = 5000
	auto.offset.reset = earliest
	bootstrap.servers = [localhost:9092]
	check.crcs = true
	client.dns.lookup = use_all_dns_ips
	client.id = consumer-booking-engine-5
	client.rack = 
	connections.max.idle.ms = 540000
	default.api.timeout.ms = 60000
	enable.auto.commit = false
	enable.metrics.push = true
	exclude.internal.topics = true
	fetch.max.bytes = 52428800
	fetch.max.wait.ms = 500
	fetch.min.bytes = 1
	group.id = booking-engine
	group.instance.id = null
	group.protocol = classic
	group.remote.assignor = null
	heartbeat.interval.ms = 3000
	interceptor.classes = []
	internal.leave.group.on.close = true
	internal.throw.on.fetch.stable.offset.unsupported = false
	isolation.level = read_uncommitted
	key.deserializer = class org.apache.kafka.common.serialization.StringDeserializer
	max.partition.fetch.bytes = 1048576
	max.poll.interval.ms = 300000
	max.poll.records = 500
	metadata.max.age.ms = 300000
	metadata.recovery.rebootstrap.trigger.ms = 300000
	metadata.recovery.strategy = rebootstrap
	metric.reporters = [org.apache.kafka.common.metrics.JmxReporter]
	metrics.num.samples = 2
	metrics.recording.level = INFO
	metrics.sample.window.ms = 30000
	partition.assignment.strategy = [class org.apache.kafka.clients.consumer.RangeAssignor, class org.apache.kafka.clients.consumer.CooperativeStickyAssignor]
	receive.buffer.bytes = 65536
	reconnect.backoff.max.ms = 1000
	reconnect.backoff.ms = 50
	request.timeout.ms = 30000
	retry.backoff.max.ms = 1000
	retry.backoff.ms = 100
	sasl.client.callback.handler.class = null
	sasl.jaas.config = null
	sasl.kerberos.kinit.cmd = /usr/bin/kinit
	sasl.kerberos.min.time.before.relogin = 60000
	sasl.kerberos.service.name = null
	sasl.kerberos.ticket.renew.jitter = 0.05
	sasl.kerberos.ticket.renew.window.factor = 0.8
	sasl.login.callback.handler.class = null
	sasl.login.class = null
	sasl.login.connect.timeout.ms = null
	sasl.login.read.timeout.ms = null
	sasl.login.refresh.buffer.seconds = 300
	sasl.login.refresh.min.period.seconds = 60
	sasl.login.refresh.window.factor = 0.8
	sasl.login.refresh.window.jitter = 0.05
	sasl.login.retry.backoff.max.ms = 10000
	sasl.login.retry.backoff.ms = 100
	sasl.mechanism = GSSAPI
	sasl.oauthbearer.assertion.algorithm = RS256
	sasl.oauthbearer.assertion.claim.aud = null
	sasl.oauthbearer.assertion.claim.exp.seconds = 300
	sasl.oauthbearer.assertion.claim.iss = null
	sasl.oauthbearer.assertion.claim.jti.include = false
	sasl.oauthbearer.assertion.claim.nbf.seconds = 60
	sasl.oauthbearer.assertion.claim.sub = null
	sasl.oauthbearer.assertion.file = null
	sasl.oauthbearer.assertion.private.key.file = null
	sasl.oauthbearer.assertion.private.key.passphrase = null
	sasl.oauthbearer.assertion.template.file = null
	sasl.oauthbearer.client.credentials.client.id = null
	sasl.oauthbearer.client.credentials.client.secret = null
	sasl.oauthbearer.clock.skew.seconds = 30
	sasl.oauthbearer.expected.audience = null
	sasl.oauthbearer.expected.issuer = null
	sasl.oauthbearer.header.urlencode = false
	sasl.oauthbearer.jwks.endpoint.refresh.ms = 3600000
	sasl.oauthbearer.jwks.endpoint.retry.backoff.max.ms = 10000
	sasl.oauthbearer.jwks.endpoint.retry.backoff.ms = 100
	sasl.oauthbearer.jwks.endpoint.url = null
	sasl.oauthbearer.jwt.retriever.class = class org.apache.kafka.common.security.oauthbearer.DefaultJwtRetriever
	sasl.oauthbearer.jwt.validator.class = class org.apache.kafka.common.security.oauthbearer.DefaultJwtValidator
	sasl.oauthbearer.scope = null
	sasl.oauthbearer.scope.claim.name = scope
	sasl.oauthbearer.sub.claim.name = sub
	sasl.oauthbearer.token.endpoint.url = null
	security.protocol = PLAINTEXT
	security.providers = null
	send.buffer.bytes = 131072
	session.timeout.ms = 45000
	share.acknowledgement.mode = implicit
	socket.connection.setup.timeout.max.ms = 30000
	socket.connection.setup.timeout.ms = 10000
	ssl.cipher.suites = null
	ssl.enabled.protocols = [TLSv1.2, TLSv1.3]
	ssl.endpoint.identification.algorithm = https
	ssl.engine.factory.class = null
	ssl.key.password = null
	ssl.keymanager.algorithm = SunX509
	ssl.keystore.certificate.chain = null
	ssl.keystore.key = null
	ssl.keystore.location = null
	ssl.keystore.password = null
	ssl.keystore.type = JKS
	ssl.protocol = TLSv1.3
	ssl.provider = null
	ssl.secure.random.implementation = null
	ssl.trustmanager.algorithm = PKIX
	ssl.truststore.certificates = null
	ssl.truststore.location = null
	ssl.truststore.password = null
	ssl.truststore.type = JKS
	value.deserializer = class org.apache.kafka.common.serialization.StringDeserializer

2026-01-18T03:18:09.871+01:00  INFO 34860 --- [booking-engine] [  restartedMain] o.a.k.c.t.i.KafkaMetricsCollector        : initializing Kafka metrics collector
2026-01-18T03:18:09.880+01:00  INFO 34860 --- [booking-engine] [  restartedMain] o.a.kafka.common.utils.AppInfoParser     : Kafka version: 4.1.1
2026-01-18T03:18:09.881+01:00  INFO 34860 --- [booking-engine] [ntainer#2-0-C-1] o.a.k.c.c.internals.ConsumerCoordinator  : [Consumer clientId=consumer-booking-engine-1, groupId=booking-engine] Request joining group due to: need to re-join with the given member-id: consumer-booking-engine-1-3202e61a-a8b4-4ff6-be75-13c82b00ebb9
2026-01-18T03:18:09.882+01:00  INFO 34860 --- [booking-engine] [ntainer#2-0-C-1] o.a.k.c.c.internals.ConsumerCoordinator  : [Consumer clientId=consumer-booking-engine-1, groupId=booking-engine] (Re-)joining group
2026-01-18T03:18:09.881+01:00  INFO 34860 --- [booking-engine] [  restartedMain] o.a.kafka.common.utils.AppInfoParser     : Kafka commitId: be816b82d25370ce
2026-01-18T03:18:09.883+01:00  INFO 34860 --- [booking-engine] [  restartedMain] o.a.kafka.common.utils.AppInfoParser     : Kafka startTimeMs: 1768702689880
2026-01-18T03:18:09.886+01:00  INFO 34860 --- [booking-engine] [ntainer#4-0-C-1] o.a.k.c.c.internals.ConsumerCoordinator  : [Consumer clientId=consumer-booking-engine-3, groupId=booking-engine] Request joining group due to: need to re-join with the given member-id: consumer-booking-engine-3-fdab11db-ff5b-4ab1-a62e-c3cc3707aeeb
2026-01-18T03:18:09.886+01:00  INFO 34860 --- [booking-engine] [ntainer#3-0-C-1] o.a.k.c.c.internals.ConsumerCoordinator  : [Consumer clientId=consumer-booking-engine-2, groupId=booking-engine] Request joining group due to: need to re-join with the given member-id: consumer-booking-engine-2-c7fc2f68-3547-4860-b5e8-4118d4281e83
2026-01-18T03:18:09.887+01:00  INFO 34860 --- [booking-engine] [  restartedMain] o.a.k.c.c.i.ClassicKafkaConsumer         : [Consumer clientId=consumer-booking-engine-5, groupId=booking-engine] Subscribed to topic(s): booking.prix
2026-01-18T03:18:09.887+01:00  INFO 34860 --- [booking-engine] [ntainer#4-0-C-1] o.a.k.c.c.internals.ConsumerCoordinator  : [Consumer clientId=consumer-booking-engine-3, groupId=booking-engine] (Re-)joining group
2026-01-18T03:18:09.887+01:00  INFO 34860 --- [booking-engine] [ntainer#3-0-C-1] o.a.k.c.c.internals.ConsumerCoordinator  : [Consumer clientId=consumer-booking-engine-2, groupId=booking-engine] (Re-)joining group
2026-01-18T03:18:09.889+01:00  INFO 34860 --- [booking-engine] [ntainer#0-0-C-1] org.apache.kafka.clients.Metadata        : [Consumer clientId=consumer-booking-engine-4, groupId=booking-engine] Cluster ID: 5L6g3nShT-eMCtK--X86sw
2026-01-18T03:18:09.889+01:00  INFO 34860 --- [booking-engine] [ntainer#0-0-C-1] o.a.k.c.c.internals.ConsumerCoordinator  : [Consumer clientId=consumer-booking-engine-4, groupId=booking-engine] Discovered group coordinator localhost:9092 (id: 2147483646 rack: null isFenced: false)
2026-01-18T03:18:09.891+01:00  INFO 34860 --- [booking-engine] [ntainer#0-0-C-1] o.a.k.c.c.internals.ConsumerCoordinator  : [Consumer clientId=consumer-booking-engine-4, groupId=booking-engine] (Re-)joining group
2026-01-18T03:18:09.907+01:00  INFO 34860 --- [booking-engine] [ntainer#1-0-C-1] org.apache.kafka.clients.Metadata        : [Consumer clientId=consumer-booking-engine-5, groupId=booking-engine] Cluster ID: 5L6g3nShT-eMCtK--X86sw
2026-01-18T03:18:09.909+01:00  INFO 34860 --- [booking-engine] [  restartedMain] o.s.s.config.TaskSchedulerRouter         : No TaskScheduler/ScheduledExecutorService bean found for scheduled processing
2026-01-18T03:18:09.910+01:00  INFO 34860 --- [booking-engine] [ntainer#1-0-C-1] o.a.k.c.c.internals.ConsumerCoordinator  : [Consumer clientId=consumer-booking-engine-5, groupId=booking-engine] Discovered group coordinator localhost:9092 (id: 2147483646 rack: null isFenced: false)
2026-01-18T03:18:09.910+01:00  INFO 34860 --- [booking-engine] [ntainer#0-0-C-1] o.a.k.c.c.internals.ConsumerCoordinator  : [Consumer clientId=consumer-booking-engine-4, groupId=booking-engine] Request joining group due to: need to re-join with the given member-id: consumer-booking-engine-4-bb5d1649-517c-4353-b87a-037da68be1c9
2026-01-18T03:18:09.911+01:00  INFO 34860 --- [booking-engine] [ntainer#0-0-C-1] o.a.k.c.c.internals.ConsumerCoordinator  : [Consumer clientId=consumer-booking-engine-4, groupId=booking-engine] (Re-)joining group
2026-01-18T03:18:09.911+01:00  INFO 34860 --- [booking-engine] [ntainer#1-0-C-1] o.a.k.c.c.internals.ConsumerCoordinator  : [Consumer clientId=consumer-booking-engine-5, groupId=booking-engine] (Re-)joining group
2026-01-18T03:18:09.918+01:00  INFO 34860 --- [booking-engine] [  restartedMain] bookingengine.BookingEngineApplication   : Started BookingEngineApplication in 23.285 seconds (process running for 24.371)
2026-01-18T03:18:09.922+01:00  INFO 34860 --- [booking-engine] [ntainer#1-0-C-1] o.a.k.c.c.internals.ConsumerCoordinator  : [Consumer clientId=consumer-booking-engine-5, groupId=booking-engine] Request joining group due to: need to re-join with the given member-id: consumer-booking-engine-5-d66b74d2-f4fe-46bb-8b18-708b913e0a16
2026-01-18T03:18:09.923+01:00  INFO 34860 --- [booking-engine] [ntainer#1-0-C-1] o.a.k.c.c.internals.ConsumerCoordinator  : [Consumer clientId=consumer-booking-engine-5, groupId=booking-engine] (Re-)joining group
2026-01-18T03:18:09.926+01:00  WARN 34860 --- [booking-engine] [  restartedMain] o.s.core.events.SpringDocAppInitializer  : SpringDoc /v3/api-docs endpoint is enabled by default. To disable it in production, set the property 'springdoc.api-docs.enabled=false'
2026-01-18T03:18:09.927+01:00  WARN 34860 --- [booking-engine] [  restartedMain] o.s.core.events.SpringDocAppInitializer  : SpringDoc /swagger-ui.html endpoint is enabled by default. To disable it in production, set the property 'springdoc.swagger-ui.enabled=false'
2026-01-18T03:18:15.890+01:00  INFO 34860 --- [booking-engine] [ntainer#0-0-C-1] o.a.k.c.c.internals.ConsumerCoordinator  : [Consumer clientId=consumer-booking-engine-4, groupId=booking-engine] Successfully joined group with generation Generation{generationId=7, memberId='consumer-booking-engine-4-bb5d1649-517c-4353-b87a-037da68be1c9', protocol='range'}
2026-01-18T03:18:15.890+01:00  INFO 34860 --- [booking-engine] [ntainer#3-0-C-1] o.a.k.c.c.internals.ConsumerCoordinator  : [Consumer clientId=consumer-booking-engine-2, groupId=booking-engine] Successfully joined group with generation Generation{generationId=7, memberId='consumer-booking-engine-2-c7fc2f68-3547-4860-b5e8-4118d4281e83', protocol='range'}
2026-01-18T03:18:15.890+01:00  INFO 34860 --- [booking-engine] [ntainer#4-0-C-1] o.a.k.c.c.internals.ConsumerCoordinator  : [Consumer clientId=consumer-booking-engine-3, groupId=booking-engine] Successfully joined group with generation Generation{generationId=7, memberId='consumer-booking-engine-3-fdab11db-ff5b-4ab1-a62e-c3cc3707aeeb', protocol='range'}
2026-01-18T03:18:15.890+01:00  INFO 34860 --- [booking-engine] [ntainer#1-0-C-1] o.a.k.c.c.internals.ConsumerCoordinator  : [Consumer clientId=consumer-booking-engine-5, groupId=booking-engine] Successfully joined group with generation Generation{generationId=7, memberId='consumer-booking-engine-5-d66b74d2-f4fe-46bb-8b18-708b913e0a16', protocol='range'}
2026-01-18T03:18:15.891+01:00  INFO 34860 --- [booking-engine] [ntainer#2-0-C-1] o.a.k.c.c.internals.ConsumerCoordinator  : [Consumer clientId=consumer-booking-engine-1, groupId=booking-engine] Successfully joined group with generation Generation{generationId=7, memberId='consumer-booking-engine-1-3202e61a-a8b4-4ff6-be75-13c82b00ebb9', protocol='range'}
2026-01-18T03:18:15.915+01:00  INFO 34860 --- [booking-engine] [ntainer#2-0-C-1] o.a.k.c.c.internals.ConsumerCoordinator  : [Consumer clientId=consumer-booking-engine-1, groupId=booking-engine] Finished assignment for group at generation 7: {consumer-booking-engine-5-d66b74d2-f4fe-46bb-8b18-708b913e0a16=Assignment(partitions=[booking.prix-0]), consumer-booking-engine-1-3202e61a-a8b4-4ff6-be75-13c82b00ebb9=Assignment(partitions=[booking.saisons-0]), consumer-booking-engine-4-bb5d1649-517c-4353-b87a-037da68be1c9=Assignment(partitions=[booking.chambres-0]), consumer-booking-engine-2-c7fc2f68-3547-4860-b5e8-4118d4281e83=Assignment(partitions=[booking.payments-0]), consumer-booking-engine-3-fdab11db-ff5b-4ab1-a62e-c3cc3707aeeb=Assignment(partitions=[booking.reservations-0])}
2026-01-18T03:18:15.929+01:00  INFO 34860 --- [booking-engine] [ntainer#0-0-C-1] o.a.k.c.c.internals.ConsumerCoordinator  : [Consumer clientId=consumer-booking-engine-4, groupId=booking-engine] Successfully synced group in generation Generation{generationId=7, memberId='consumer-booking-engine-4-bb5d1649-517c-4353-b87a-037da68be1c9', protocol='range'}
2026-01-18T03:18:15.929+01:00  INFO 34860 --- [booking-engine] [ntainer#2-0-C-1] o.a.k.c.c.internals.ConsumerCoordinator  : [Consumer clientId=consumer-booking-engine-1, groupId=booking-engine] Successfully synced group in generation Generation{generationId=7, memberId='consumer-booking-engine-1-3202e61a-a8b4-4ff6-be75-13c82b00ebb9', protocol='range'}
2026-01-18T03:18:15.930+01:00  INFO 34860 --- [booking-engine] [ntainer#2-0-C-1] o.a.k.c.c.internals.ConsumerCoordinator  : [Consumer clientId=consumer-booking-engine-1, groupId=booking-engine] Notifying assignor about the new Assignment(partitions=[booking.saisons-0])
2026-01-18T03:18:15.929+01:00  INFO 34860 --- [booking-engine] [ntainer#4-0-C-1] o.a.k.c.c.internals.ConsumerCoordinator  : [Consumer clientId=consumer-booking-engine-3, groupId=booking-engine] Successfully synced group in generation Generation{generationId=7, memberId='consumer-booking-engine-3-fdab11db-ff5b-4ab1-a62e-c3cc3707aeeb', protocol='range'}
2026-01-18T03:18:15.929+01:00  INFO 34860 --- [booking-engine] [ntainer#1-0-C-1] o.a.k.c.c.internals.ConsumerCoordinator  : [Consumer clientId=consumer-booking-engine-5, groupId=booking-engine] Successfully synced group in generation Generation{generationId=7, memberId='consumer-booking-engine-5-d66b74d2-f4fe-46bb-8b18-708b913e0a16', protocol='range'}
2026-01-18T03:18:15.930+01:00  INFO 34860 --- [booking-engine] [ntainer#0-0-C-1] o.a.k.c.c.internals.ConsumerCoordinator  : [Consumer clientId=consumer-booking-engine-4, groupId=booking-engine] Notifying assignor about the new Assignment(partitions=[booking.chambres-0])
2026-01-18T03:18:15.930+01:00  INFO 34860 --- [booking-engine] [ntainer#3-0-C-1] o.a.k.c.c.internals.ConsumerCoordinator  : [Consumer clientId=consumer-booking-engine-2, groupId=booking-engine] Successfully synced group in generation Generation{generationId=7, memberId='consumer-booking-engine-2-c7fc2f68-3547-4860-b5e8-4118d4281e83', protocol='range'}
2026-01-18T03:18:15.931+01:00  INFO 34860 --- [booking-engine] [ntainer#4-0-C-1] o.a.k.c.c.internals.ConsumerCoordinator  : [Consumer clientId=consumer-booking-engine-3, groupId=booking-engine] Notifying assignor about the new Assignment(partitions=[booking.reservations-0])
2026-01-18T03:18:15.932+01:00  INFO 34860 --- [booking-engine] [ntainer#1-0-C-1] o.a.k.c.c.internals.ConsumerCoordinator  : [Consumer clientId=consumer-booking-engine-5, groupId=booking-engine] Notifying assignor about the new Assignment(partitions=[booking.prix-0])
2026-01-18T03:18:15.933+01:00  INFO 34860 --- [booking-engine] [ntainer#1-0-C-1] k.c.c.i.ConsumerRebalanceListenerInvoker : [Consumer clientId=consumer-booking-engine-5, groupId=booking-engine] Adding newly assigned partitions: [booking.prix-0]
2026-01-18T03:18:15.933+01:00  INFO 34860 --- [booking-engine] [ntainer#3-0-C-1] o.a.k.c.c.internals.ConsumerCoordinator  : [Consumer clientId=consumer-booking-engine-2, groupId=booking-engine] Notifying assignor about the new Assignment(partitions=[booking.payments-0])
2026-01-18T03:18:15.933+01:00  INFO 34860 --- [booking-engine] [ntainer#0-0-C-1] k.c.c.i.ConsumerRebalanceListenerInvoker : [Consumer clientId=consumer-booking-engine-4, groupId=booking-engine] Adding newly assigned partitions: [booking.chambres-0]
2026-01-18T03:18:15.933+01:00  INFO 34860 --- [booking-engine] [ntainer#2-0-C-1] k.c.c.i.ConsumerRebalanceListenerInvoker : [Consumer clientId=consumer-booking-engine-1, groupId=booking-engine] Adding newly assigned partitions: [booking.saisons-0]
2026-01-18T03:18:15.933+01:00  INFO 34860 --- [booking-engine] [ntainer#4-0-C-1] k.c.c.i.ConsumerRebalanceListenerInvoker : [Consumer clientId=consumer-booking-engine-3, groupId=booking-engine] Adding newly assigned partitions: [booking.reservations-0]
2026-01-18T03:18:15.934+01:00  INFO 34860 --- [booking-engine] [ntainer#3-0-C-1] k.c.c.i.ConsumerRebalanceListenerInvoker : [Consumer clientId=consumer-booking-engine-2, groupId=booking-engine] Adding newly assigned partitions: [booking.payments-0]
2026-01-18T03:18:15.946+01:00  INFO 34860 --- [booking-engine] [ntainer#4-0-C-1] o.a.k.c.c.internals.ConsumerCoordinator  : [Consumer clientId=consumer-booking-engine-3, groupId=booking-engine] Found no committed offset for partition booking.reservations-0
2026-01-18T03:18:15.947+01:00  INFO 34860 --- [booking-engine] [ntainer#2-0-C-1] o.a.k.c.c.internals.ConsumerCoordinator  : [Consumer clientId=consumer-booking-engine-1, groupId=booking-engine] Found no committed offset for partition booking.saisons-0
2026-01-18T03:18:15.946+01:00  INFO 34860 --- [booking-engine] [ntainer#1-0-C-1] o.a.k.c.c.internals.ConsumerCoordinator  : [Consumer clientId=consumer-booking-engine-5, groupId=booking-engine] Found no committed offset for partition booking.prix-0
2026-01-18T03:18:15.946+01:00  INFO 34860 --- [booking-engine] [ntainer#3-0-C-1] o.a.k.c.c.internals.ConsumerCoordinator  : [Consumer clientId=consumer-booking-engine-2, groupId=booking-engine] Found no committed offset for partition booking.payments-0
2026-01-18T03:18:15.946+01:00  INFO 34860 --- [booking-engine] [ntainer#0-0-C-1] o.a.k.c.c.internals.ConsumerCoordinator  : [Consumer clientId=consumer-booking-engine-4, groupId=booking-engine] Found no committed offset for partition booking.chambres-0
2026-01-18T03:18:15.966+01:00  INFO 34860 --- [booking-engine] [ntainer#2-0-C-1] o.a.k.c.c.internals.SubscriptionState    : [Consumer clientId=consumer-booking-engine-1, groupId=booking-engine] Resetting offset for partition booking.saisons-0 to position FetchPosition{offset=0, offsetEpoch=Optional.empty, currentLeader=LeaderAndEpoch{leader=Optional[localhost:9092 (id: 1 rack: null isFenced: false)], epoch=6}}.
2026-01-18T03:18:15.968+01:00  INFO 34860 --- [booking-engine] [ntainer#2-0-C-1] o.s.k.l.KafkaMessageListenerContainer    : booking-engine: partitions assigned: [booking.saisons-0]
2026-01-18T03:18:15.969+01:00  INFO 34860 --- [booking-engine] [ntainer#1-0-C-1] o.a.k.c.c.internals.SubscriptionState    : [Consumer clientId=consumer-booking-engine-5, groupId=booking-engine] Resetting offset for partition booking.prix-0 to position FetchPosition{offset=0, offsetEpoch=Optional.empty, currentLeader=LeaderAndEpoch{leader=Optional[localhost:9092 (id: 1 rack: null isFenced: false)], epoch=6}}.
2026-01-18T03:18:15.970+01:00  INFO 34860 --- [booking-engine] [ntainer#1-0-C-1] o.s.k.l.KafkaMessageListenerContainer    : booking-engine: partitions assigned: [booking.prix-0]
2026-01-18T03:18:15.969+01:00  INFO 34860 --- [booking-engine] [ntainer#0-0-C-1] o.a.k.c.c.internals.SubscriptionState    : [Consumer clientId=consumer-booking-engine-4, groupId=booking-engine] Resetting offset for partition booking.chambres-0 to position FetchPosition{offset=0, offsetEpoch=Optional.empty, currentLeader=LeaderAndEpoch{leader=Optional[localhost:9092 (id: 1 rack: null isFenced: false)], epoch=6}}.
2026-01-18T03:18:15.971+01:00  INFO 34860 --- [booking-engine] [ntainer#0-0-C-1] o.s.k.l.KafkaMessageListenerContainer    : booking-engine: partitions assigned: [booking.chambres-0]
2026-01-18T03:18:15.970+01:00  INFO 34860 --- [booking-engine] [ntainer#4-0-C-1] o.a.k.c.c.internals.SubscriptionState    : [Consumer clientId=consumer-booking-engine-3, groupId=booking-engine] Resetting offset for partition booking.reservations-0 to position FetchPosition{offset=0, offsetEpoch=Optional.empty, currentLeader=LeaderAndEpoch{leader=Optional[localhost:9092 (id: 1 rack: null isFenced: false)], epoch=6}}.
2026-01-18T03:18:15.970+01:00  INFO 34860 --- [booking-engine] [ntainer#3-0-C-1] o.a.k.c.c.internals.SubscriptionState    : [Consumer clientId=consumer-booking-engine-2, groupId=booking-engine] Resetting offset for partition booking.payments-0 to position FetchPosition{offset=0, offsetEpoch=Optional.empty, currentLeader=LeaderAndEpoch{leader=Optional[localhost:9092 (id: 1 rack: null isFenced: false)], epoch=6}}.
2026-01-18T03:18:15.972+01:00  INFO 34860 --- [booking-engine] [ntainer#4-0-C-1] o.s.k.l.KafkaMessageListenerContainer    : booking-engine: partitions assigned: [booking.reservations-0]
2026-01-18T03:18:15.973+01:00  INFO 34860 --- [booking-engine] [ntainer#3-0-C-1] o.s.k.l.KafkaMessageListenerContainer    : booking-engine: partitions assigned: [booking.payments-0]
2026-01-18T03:19:35.431+01:00  INFO 34860 --- [booking-engine] [nio-8080-exec-1] o.a.c.c.C.[Tomcat].[localhost].[/]       : Initializing Spring DispatcherServlet 'dispatcherServlet'
2026-01-18T03:19:35.432+01:00  INFO 34860 --- [booking-engine] [nio-8080-exec-1] o.s.web.servlet.DispatcherServlet        : Initializing Servlet 'dispatcherServlet'
2026-01-18T03:19:35.434+01:00  INFO 34860 --- [booking-engine] [nio-8080-exec-1] o.s.web.servlet.DispatcherServlet        : Completed initialization in 2 ms
2026-01-18T03:23:57.242+01:00  INFO 34860 --- [booking-engine] [nio-8080-exec-1] o.springdoc.api.AbstractOpenApiResource  : Init duration for springdoc-openapi is: 577 ms
2026-01-18T03:29:41.248+01:00  INFO 34860 --- [booking-engine] [io-8080-exec-10] o.springdoc.api.AbstractOpenApiResource  : Init duration for springdoc-openapi is: 4794 ms
2026-01-18T03:30:52.541+01:00  INFO 34860 --- [booking-engine] [   File Watcher] rtingClassPathChangeChangedEventListener : Restarting due to 77 class path changes (0 additions, 76 deletions, 1 modification)
2026-01-18T03:30:52.623+01:00  INFO 34860 --- [booking-engine] [ntainer#2-0-C-1] k.c.c.i.ConsumerRebalanceListenerInvoker : [Consumer clientId=consumer-booking-engine-1, groupId=booking-engine] Revoke previously assigned partitions [booking.saisons-0]
2026-01-18T03:30:52.626+01:00  INFO 34860 --- [booking-engine] [ntainer#2-0-C-1] o.s.k.l.KafkaMessageListenerContainer    : booking-engine: partitions revoked: [booking.saisons-0]
2026-01-18T03:30:52.631+01:00  INFO 34860 --- [booking-engine] [ntainer#2-0-C-1] o.a.k.c.c.internals.ConsumerCoordinator  : [Consumer clientId=consumer-booking-engine-1, groupId=booking-engine] Member consumer-booking-engine-1-3202e61a-a8b4-4ff6-be75-13c82b00ebb9 sending LeaveGroup request to coordinator localhost:9092 (id: 2147483646 rack: null isFenced: false) due to the consumer unsubscribed from all topics
2026-01-18T03:30:52.638+01:00  INFO 34860 --- [booking-engine] [ntainer#3-0-C-1] k.c.c.i.ConsumerRebalanceListenerInvoker : [Consumer clientId=consumer-booking-engine-2, groupId=booking-engine] Revoke previously assigned partitions [booking.payments-0]
2026-01-18T03:30:52.641+01:00  INFO 34860 --- [booking-engine] [ntainer#3-0-C-1] o.s.k.l.KafkaMessageListenerContainer    : booking-engine: partitions revoked: [booking.payments-0]
2026-01-18T03:30:52.641+01:00  INFO 34860 --- [booking-engine] [ntainer#3-0-C-1] o.a.k.c.c.internals.ConsumerCoordinator  : [Consumer clientId=consumer-booking-engine-2, groupId=booking-engine] Member consumer-booking-engine-2-c7fc2f68-3547-4860-b5e8-4118d4281e83 sending LeaveGroup request to coordinator localhost:9092 (id: 2147483646 rack: null isFenced: false) due to the consumer unsubscribed from all topics
2026-01-18T03:30:52.643+01:00  INFO 34860 --- [booking-engine] [ntainer#3-0-C-1] o.a.k.c.c.internals.ConsumerCoordinator  : [Consumer clientId=consumer-booking-engine-2, groupId=booking-engine] Resetting generation and member id due to: consumer pro-actively leaving the group
2026-01-18T03:30:52.643+01:00  INFO 34860 --- [booking-engine] [ntainer#2-0-C-1] o.a.k.c.c.internals.ConsumerCoordinator  : [Consumer clientId=consumer-booking-engine-1, groupId=booking-engine] Resetting generation and member id due to: consumer pro-actively leaving the group
2026-01-18T03:30:52.643+01:00  INFO 34860 --- [booking-engine] [ntainer#3-0-C-1] o.a.k.c.c.internals.ConsumerCoordinator  : [Consumer clientId=consumer-booking-engine-2, groupId=booking-engine] Request joining group due to: consumer pro-actively leaving the group
2026-01-18T03:30:52.643+01:00  INFO 34860 --- [booking-engine] [ntainer#2-0-C-1] o.a.k.c.c.internals.ConsumerCoordinator  : [Consumer clientId=consumer-booking-engine-1, groupId=booking-engine] Request joining group due to: consumer pro-actively leaving the group
2026-01-18T03:30:52.643+01:00  INFO 34860 --- [booking-engine] [ntainer#3-0-C-1] o.a.k.c.c.i.ClassicKafkaConsumer         : [Consumer clientId=consumer-booking-engine-2, groupId=booking-engine] Unsubscribed all topics or patterns and assigned partitions
2026-01-18T03:30:52.643+01:00  INFO 34860 --- [booking-engine] [ntainer#2-0-C-1] o.a.k.c.c.i.ClassicKafkaConsumer         : [Consumer clientId=consumer-booking-engine-1, groupId=booking-engine] Unsubscribed all topics or patterns and assigned partitions
2026-01-18T03:30:52.648+01:00  INFO 34860 --- [booking-engine] [ntainer#4-0-C-1] k.c.c.i.ConsumerRebalanceListenerInvoker : [Consumer clientId=consumer-booking-engine-3, groupId=booking-engine] Revoke previously assigned partitions [booking.reservations-0]
2026-01-18T03:30:52.648+01:00  INFO 34860 --- [booking-engine] [ntainer#0-0-C-1] k.c.c.i.ConsumerRebalanceListenerInvoker : [Consumer clientId=consumer-booking-engine-4, groupId=booking-engine] Revoke previously assigned partitions [booking.chambres-0]
2026-01-18T03:30:52.648+01:00  INFO 34860 --- [booking-engine] [ntainer#0-0-C-1] o.s.k.l.KafkaMessageListenerContainer    : booking-engine: partitions revoked: [booking.chambres-0]
2026-01-18T03:30:52.648+01:00  INFO 34860 --- [booking-engine] [ntainer#4-0-C-1] o.s.k.l.KafkaMessageListenerContainer    : booking-engine: partitions revoked: [booking.reservations-0]
2026-01-18T03:30:52.648+01:00  INFO 34860 --- [booking-engine] [ntainer#1-0-C-1] k.c.c.i.ConsumerRebalanceListenerInvoker : [Consumer clientId=consumer-booking-engine-5, groupId=booking-engine] Revoke previously assigned partitions [booking.prix-0]
2026-01-18T03:30:52.650+01:00  INFO 34860 --- [booking-engine] [ntainer#0-0-C-1] o.a.k.c.c.internals.ConsumerCoordinator  : [Consumer clientId=consumer-booking-engine-4, groupId=booking-engine] Member consumer-booking-engine-4-bb5d1649-517c-4353-b87a-037da68be1c9 sending LeaveGroup request to coordinator localhost:9092 (id: 2147483646 rack: null isFenced: false) due to the consumer unsubscribed from all topics
2026-01-18T03:30:52.651+01:00  INFO 34860 --- [booking-engine] [ntainer#4-0-C-1] o.a.k.c.c.internals.ConsumerCoordinator  : [Consumer clientId=consumer-booking-engine-3, groupId=booking-engine] Member consumer-booking-engine-3-fdab11db-ff5b-4ab1-a62e-c3cc3707aeeb sending LeaveGroup request to coordinator localhost:9092 (id: 2147483646 rack: null isFenced: false) due to the consumer unsubscribed from all topics
2026-01-18T03:30:52.651+01:00  INFO 34860 --- [booking-engine] [ntainer#0-0-C-1] o.a.k.c.c.internals.ConsumerCoordinator  : [Consumer clientId=consumer-booking-engine-4, groupId=booking-engine] Resetting generation and member id due to: consumer pro-actively leaving the group
2026-01-18T03:30:52.651+01:00  INFO 34860 --- [booking-engine] [ntainer#2-0-C-1] o.a.k.c.c.internals.ConsumerCoordinator  : [Consumer clientId=consumer-booking-engine-1, groupId=booking-engine] Resetting generation and member id due to: consumer pro-actively leaving the group
2026-01-18T03:30:52.651+01:00  INFO 34860 --- [booking-engine] [ntainer#1-0-C-1] o.s.k.l.KafkaMessageListenerContainer    : booking-engine: partitions revoked: [booking.prix-0]
2026-01-18T03:30:52.651+01:00  INFO 34860 --- [booking-engine] [ntainer#3-0-C-1] o.a.k.c.c.internals.ConsumerCoordinator  : [Consumer clientId=consumer-booking-engine-2, groupId=booking-engine] Resetting generation and member id due to: consumer pro-actively leaving the group
2026-01-18T03:30:52.652+01:00  INFO 34860 --- [booking-engine] [ntainer#4-0-C-1] o.a.k.c.c.internals.ConsumerCoordinator  : [Consumer clientId=consumer-booking-engine-3, groupId=booking-engine] Resetting generation and member id due to: consumer pro-actively leaving the group
2026-01-18T03:30:52.652+01:00  INFO 34860 --- [booking-engine] [ntainer#0-0-C-1] o.a.k.c.c.internals.ConsumerCoordinator  : [Consumer clientId=consumer-booking-engine-4, groupId=booking-engine] Request joining group due to: consumer pro-actively leaving the group
2026-01-18T03:30:52.652+01:00  INFO 34860 --- [booking-engine] [ntainer#0-0-C-1] o.a.k.c.c.i.ClassicKafkaConsumer         : [Consumer clientId=consumer-booking-engine-4, groupId=booking-engine] Unsubscribed all topics or patterns and assigned partitions
2026-01-18T03:30:52.652+01:00  INFO 34860 --- [booking-engine] [ntainer#2-0-C-1] o.a.k.c.c.internals.ConsumerCoordinator  : [Consumer clientId=consumer-booking-engine-1, groupId=booking-engine] Request joining group due to: consumer pro-actively leaving the group
2026-01-18T03:30:52.652+01:00  INFO 34860 --- [booking-engine] [ntainer#1-0-C-1] o.a.k.c.c.internals.ConsumerCoordinator  : [Consumer clientId=consumer-booking-engine-5, groupId=booking-engine] Member consumer-booking-engine-5-d66b74d2-f4fe-46bb-8b18-708b913e0a16 sending LeaveGroup request to coordinator localhost:9092 (id: 2147483646 rack: null isFenced: false) due to the consumer unsubscribed from all topics
2026-01-18T03:30:52.656+01:00  INFO 34860 --- [booking-engine] [ntainer#1-0-C-1] o.a.k.c.c.internals.ConsumerCoordinator  : [Consumer clientId=consumer-booking-engine-5, groupId=booking-engine] Resetting generation and member id due to: consumer pro-actively leaving the group
2026-01-18T03:30:52.656+01:00  INFO 34860 --- [booking-engine] [ntainer#1-0-C-1] o.a.k.c.c.internals.ConsumerCoordinator  : [Consumer clientId=consumer-booking-engine-5, groupId=booking-engine] Request joining group due to: consumer pro-actively leaving the group
2026-01-18T03:30:52.656+01:00  INFO 34860 --- [booking-engine] [ntainer#1-0-C-1] o.a.k.c.c.i.ClassicKafkaConsumer         : [Consumer clientId=consumer-booking-engine-5, groupId=booking-engine] Unsubscribed all topics or patterns and assigned partitions
2026-01-18T03:30:52.652+01:00  INFO 34860 --- [booking-engine] [ntainer#3-0-C-1] o.a.k.c.c.internals.ConsumerCoordinator  : [Consumer clientId=consumer-booking-engine-2, groupId=booking-engine] Request joining group due to: consumer pro-actively leaving the group
2026-01-18T03:30:52.652+01:00  INFO 34860 --- [booking-engine] [ntainer#4-0-C-1] o.a.k.c.c.internals.ConsumerCoordinator  : [Consumer clientId=consumer-booking-engine-3, groupId=booking-engine] Request joining group due to: consumer pro-actively leaving the group
2026-01-18T03:30:52.652+01:00  INFO 34860 --- [booking-engine] [ntainer#0-0-C-1] o.a.k.c.c.internals.ConsumerCoordinator  : [Consumer clientId=consumer-booking-engine-4, groupId=booking-engine] Resetting generation and member id due to: consumer pro-actively leaving the group
2026-01-18T03:30:52.664+01:00  INFO 34860 --- [booking-engine] [ntainer#1-0-C-1] o.a.k.c.c.internals.ConsumerCoordinator  : [Consumer clientId=consumer-booking-engine-5, groupId=booking-engine] Resetting generation and member id due to: consumer pro-actively leaving the group
2026-01-18T03:30:52.664+01:00  INFO 34860 --- [booking-engine] [ntainer#4-0-C-1] o.a.k.c.c.i.ClassicKafkaConsumer         : [Consumer clientId=consumer-booking-engine-3, groupId=booking-engine] Unsubscribed all topics or patterns and assigned partitions
2026-01-18T03:30:52.684+01:00  INFO 34860 --- [booking-engine] [ntainer#4-0-C-1] o.a.k.c.c.internals.ConsumerCoordinator  : [Consumer clientId=consumer-booking-engine-3, groupId=booking-engine] Resetting generation and member id due to: consumer pro-actively leaving the group
2026-01-18T03:30:52.697+01:00  INFO 34860 --- [booking-engine] [ntainer#4-0-C-1] o.a.k.c.c.internals.ConsumerCoordinator  : [Consumer clientId=consumer-booking-engine-3, groupId=booking-engine] Request joining group due to: consumer pro-actively leaving the group
2026-01-18T03:30:52.670+01:00  INFO 34860 --- [booking-engine] [ntainer#0-0-C-1] o.a.k.c.c.internals.ConsumerCoordinator  : [Consumer clientId=consumer-booking-engine-4, groupId=booking-engine] Request joining group due to: consumer pro-actively leaving the group
2026-01-18T03:30:52.674+01:00  INFO 34860 --- [booking-engine] [ntainer#1-0-C-1] o.a.k.c.c.internals.ConsumerCoordinator  : [Consumer clientId=consumer-booking-engine-5, groupId=booking-engine] Request joining group due to: consumer pro-actively leaving the group
2026-01-18T03:30:52.763+01:00  INFO 34860 --- [booking-engine] [ntainer#3-0-C-1] o.apache.kafka.common.metrics.Metrics    : Metrics scheduler closed
2026-01-18T03:30:52.809+01:00  INFO 34860 --- [booking-engine] [ntainer#3-0-C-1] o.apache.kafka.common.metrics.Metrics    : Closing reporter org.apache.kafka.common.metrics.JmxReporter
2026-01-18T03:30:52.813+01:00  INFO 34860 --- [booking-engine] [ntainer#3-0-C-1] o.apache.kafka.common.metrics.Metrics    : Closing reporter org.apache.kafka.common.telemetry.internals.ClientTelemetryReporter
2026-01-18T03:30:52.817+01:00  INFO 34860 --- [booking-engine] [ntainer#3-0-C-1] o.apache.kafka.common.metrics.Metrics    : Metrics reporters closed
2026-01-18T03:30:52.765+01:00  INFO 34860 --- [booking-engine] [ntainer#4-0-C-1] o.apache.kafka.common.metrics.Metrics    : Metrics scheduler closed
2026-01-18T03:30:52.881+01:00  INFO 34860 --- [booking-engine] [ntainer#4-0-C-1] o.apache.kafka.common.metrics.Metrics    : Closing reporter org.apache.kafka.common.metrics.JmxReporter
2026-01-18T03:30:52.881+01:00  INFO 34860 --- [booking-engine] [ntainer#4-0-C-1] o.apache.kafka.common.metrics.Metrics    : Closing reporter org.apache.kafka.common.telemetry.internals.ClientTelemetryReporter
2026-01-18T03:30:52.881+01:00  INFO 34860 --- [booking-engine] [ntainer#4-0-C-1] o.apache.kafka.common.metrics.Metrics    : Metrics reporters closed
2026-01-18T03:30:52.901+01:00  INFO 34860 --- [booking-engine] [ntainer#3-0-C-1] o.a.kafka.common.utils.AppInfoParser     : App info kafka.consumer for consumer-booking-engine-2 unregistered
2026-01-18T03:30:52.964+01:00  INFO 34860 --- [booking-engine] [ntainer#3-0-C-1] o.s.k.l.KafkaMessageListenerContainer    : booking-engine: Consumer stopped
2026-01-18T03:30:53.018+01:00  INFO 34860 --- [booking-engine] [ntainer#0-0-C-1] o.apache.kafka.common.metrics.Metrics    : Metrics scheduler closed
2026-01-18T03:30:53.018+01:00  INFO 34860 --- [booking-engine] [ntainer#0-0-C-1] o.apache.kafka.common.metrics.Metrics    : Closing reporter org.apache.kafka.common.metrics.JmxReporter
2026-01-18T03:30:53.018+01:00  INFO 34860 --- [booking-engine] [ntainer#1-0-C-1] o.apache.kafka.common.metrics.Metrics    : Metrics scheduler closed
2026-01-18T03:30:53.032+01:00  INFO 34860 --- [booking-engine] [ntainer#1-0-C-1] o.apache.kafka.common.metrics.Metrics    : Closing reporter org.apache.kafka.common.metrics.JmxReporter
2026-01-18T03:30:53.018+01:00  INFO 34860 --- [booking-engine] [ntainer#2-0-C-1] o.apache.kafka.common.metrics.Metrics    : Metrics scheduler closed
2026-01-18T03:30:53.021+01:00  INFO 34860 --- [booking-engine] [ntainer#0-0-C-1] o.apache.kafka.common.metrics.Metrics    : Closing reporter org.apache.kafka.common.telemetry.internals.ClientTelemetryReporter
2026-01-18T03:30:53.032+01:00  INFO 34860 --- [booking-engine] [ntainer#4-0-C-1] o.a.kafka.common.utils.AppInfoParser     : App info kafka.consumer for consumer-booking-engine-3 unregistered
2026-01-18T03:30:53.032+01:00  INFO 34860 --- [booking-engine] [ntainer#1-0-C-1] o.apache.kafka.common.metrics.Metrics    : Closing reporter org.apache.kafka.common.telemetry.internals.ClientTelemetryReporter
2026-01-18T03:30:53.032+01:00  INFO 34860 --- [booking-engine] [ntainer#2-0-C-1] o.apache.kafka.common.metrics.Metrics    : Closing reporter org.apache.kafka.common.metrics.JmxReporter
2026-01-18T03:30:53.032+01:00  INFO 34860 --- [booking-engine] [ntainer#0-0-C-1] o.apache.kafka.common.metrics.Metrics    : Metrics reporters closed
2026-01-18T03:30:53.051+01:00  INFO 34860 --- [booking-engine] [ntainer#1-0-C-1] o.apache.kafka.common.metrics.Metrics    : Metrics reporters closed
2026-01-18T03:30:53.051+01:00  INFO 34860 --- [booking-engine] [ntainer#4-0-C-1] o.s.k.l.KafkaMessageListenerContainer    : booking-engine: Consumer stopped
2026-01-18T03:30:53.057+01:00  INFO 34860 --- [booking-engine] [ntainer#2-0-C-1] o.apache.kafka.common.metrics.Metrics    : Closing reporter org.apache.kafka.common.telemetry.internals.ClientTelemetryReporter
2026-01-18T03:30:53.064+01:00  INFO 34860 --- [booking-engine] [ntainer#2-0-C-1] o.apache.kafka.common.metrics.Metrics    : Metrics reporters closed
2026-01-18T03:30:53.393+01:00  INFO 34860 --- [booking-engine] [ntainer#0-0-C-1] o.a.kafka.common.utils.AppInfoParser     : App info kafka.consumer for consumer-booking-engine-4 unregistered
2026-01-18T03:30:53.411+01:00  INFO 34860 --- [booking-engine] [ntainer#0-0-C-1] o.s.k.l.KafkaMessageListenerContainer    : booking-engine: Consumer stopped
2026-01-18T03:30:53.411+01:00  INFO 34860 --- [booking-engine] [ntainer#2-0-C-1] o.a.kafka.common.utils.AppInfoParser     : App info kafka.consumer for consumer-booking-engine-1 unregistered
2026-01-18T03:30:53.536+01:00  INFO 34860 --- [booking-engine] [ntainer#2-0-C-1] o.s.k.l.KafkaMessageListenerContainer    : booking-engine: Consumer stopped
2026-01-18T03:30:53.556+01:00  INFO 34860 --- [booking-engine] [ntainer#1-0-C-1] o.a.kafka.common.utils.AppInfoParser     : App info kafka.consumer for consumer-booking-engine-5 unregistered
2026-01-18T03:30:53.556+01:00  INFO 34860 --- [booking-engine] [ntainer#1-0-C-1] o.s.k.l.KafkaMessageListenerContainer    : booking-engine: Consumer stopped
2026-01-18T03:30:53.565+01:00  INFO 34860 --- [booking-engine] [       Thread-1] o.s.boot.tomcat.GracefulShutdown         : Commencing graceful shutdown. Waiting for active requests to complete
2026-01-18T03:30:54.596+01:00  INFO 34860 --- [booking-engine] [tomcat-shutdown] o.s.boot.tomcat.GracefulShutdown         : Graceful shutdown complete
2026-01-18T03:30:55.332+01:00  INFO 34860 --- [booking-engine] [       Thread-1] .s.m.e.c.DefaultEventPublicationRegistry : No publications outstanding!
2026-01-18T03:30:55.433+01:00  INFO 34860 --- [booking-engine] [       Thread-1] j.LocalContainerEntityManagerFactoryBean : Closing JPA EntityManagerFactory for persistence unit 'default'
2026-01-18T03:30:55.464+01:00  WARN 34860 --- [booking-engine] [       Thread-1] o.s.b.f.support.DisposableBeanAdapter    : Invocation of destroy method failed on bean with name 'inMemoryDatabaseShutdownExecutor': org.springframework.boot.jdbc.autoconfigure.DataSourceProperties$DataSourceBeanCreationException: Failed to determine a suitable driver class
2026-01-18T03:30:55.468+01:00  INFO 34860 --- [booking-engine] [       Thread-1] com.zaxxer.hikari.HikariDataSource       : HikariPool-1 - Shutdown initiated...
2026-01-18T03:30:55.561+01:00  INFO 34860 --- [booking-engine] [       Thread-1] com.zaxxer.hikari.HikariDataSource       : HikariPool-1 - Shutdown completed.

  .   ____          _            __ _ _
 /\\ / ___'_ __ _ _(_)_ __  __ _ \ \ \ \
( ( )\___ | '_ | '_| | '_ \/ _` | \ \ \ \
 \\/  ___)| |_)| | | | | || (_| |  ) ) ) )
  '  |____| .__|_| |_|_| |_\__, | / / / /
 =========|_|==============|___/=/_/_/_/

 :: Spring Boot ::                (v4.0.1)

2026-01-18T03:30:56.068+01:00  INFO 34860 --- [booking-engine] [  restartedMain] bookingengine.BookingEngineApplication   : Starting BookingEngineApplication using Java 24.0.1 with PID 34860 (C:\Users\attoy\IdeaProjects\ESIEA-S2-booking-engine\be-back\target\classes started by attoy in C:\Users\attoy\IdeaProjects\ESIEA-S2-booking-engine\be-back)
2026-01-18T03:30:56.075+01:00  INFO 34860 --- [booking-engine] [  restartedMain] bookingengine.BookingEngineApplication   : No active profile set, falling back to 1 default profile: "default"
2026-01-18T03:30:56.133+01:00  INFO 34860 --- [booking-engine] [  restartedMain] .s.b.d.c.l.DockerComposeLifecycleManager : Using Docker Compose file C:\Users\attoy\IdeaProjects\ESIEA-S2-booking-engine\be-back\compose.yaml
2026-01-18T03:30:57.660+01:00  INFO 34860 --- [booking-engine] [  restartedMain] .s.b.d.c.l.DockerComposeLifecycleManager : There are already Docker Compose services running, skipping startup
2026-01-18T03:31:01.292+01:00  INFO 34860 --- [booking-engine] [  restartedMain] .s.d.r.c.RepositoryConfigurationDelegate : Bootstrapping Spring Data JPA repositories in DEFAULT mode.
2026-01-18T03:31:01.307+01:00  INFO 34860 --- [booking-engine] [  restartedMain] .s.d.r.c.RepositoryConfigurationDelegate : Finished Spring Data repository scanning in 6 ms. Found 0 JPA repository interfaces.
2026-01-18T03:31:02.855+01:00  INFO 34860 --- [booking-engine] [  restartedMain] o.s.boot.tomcat.TomcatWebServer          : Tomcat initialized with port 8080 (http)
2026-01-18T03:31:02.984+01:00  INFO 34860 --- [booking-engine] [  restartedMain] o.apache.catalina.core.StandardService   : Starting service [Tomcat]
2026-01-18T03:31:02.984+01:00  INFO 34860 --- [booking-engine] [  restartedMain] o.apache.catalina.core.StandardEngine    : Starting Servlet engine: [Apache Tomcat/11.0.15]
2026-01-18T03:31:03.381+01:00  INFO 34860 --- [booking-engine] [  restartedMain] b.w.c.s.WebApplicationContextInitializer : Root WebApplicationContext: initialization completed in 5718 ms
2026-01-18T03:31:03.556+01:00  INFO 34860 --- [booking-engine] [  restartedMain] com.zaxxer.hikari.HikariDataSource       : HikariPool-2 - Starting...
2026-01-18T03:31:03.809+01:00  INFO 34860 --- [booking-engine] [  restartedMain] com.zaxxer.hikari.pool.HikariPool        : HikariPool-2 - Added connection org.postgresql.jdbc.PgConnection@60b4c2f4
2026-01-18T03:31:03.810+01:00  INFO 34860 --- [booking-engine] [  restartedMain] com.zaxxer.hikari.HikariDataSource       : HikariPool-2 - Start completed.
2026-01-18T03:31:04.052+01:00  INFO 34860 --- [booking-engine] [  restartedMain] org.hibernate.orm.jpa                    : HHH008540: Processing PersistenceUnitInfo [name: default]
2026-01-18T03:31:04.821+01:00  INFO 34860 --- [booking-engine] [  restartedMain] o.s.o.j.p.SpringPersistenceUnitInfo      : No LoadTimeWeaver setup: ignoring JPA class transformer
2026-01-18T03:31:04.885+01:00  INFO 34860 --- [booking-engine] [  restartedMain] org.hibernate.orm.connections.pooling    : HHH10001005: Database info:
	Database JDBC URL [jdbc:postgresql://127.0.0.1:5432/mydatabase?ApplicationName=booking-engine]
	Database driver: PostgreSQL JDBC Driver
	Database dialect: PostgreSQLDialect
	Database version: 18.1
	Default catalog/schema: mydatabase/public
	Autocommit mode: undefined/unknown
	Isolation level: READ_COMMITTED [default READ_COMMITTED]
	JDBC fetch size: none
	Pool: DataSourceConnectionProvider
	Minimum pool size: undefined/unknown
	Maximum pool size: undefined/unknown
2026-01-18T03:31:07.022+01:00  INFO 34860 --- [booking-engine] [  restartedMain] org.hibernate.orm.core                   : HHH000489: No JTA platform available (set 'hibernate.transaction.jta.platform' to enable JTA platform integration)
2026-01-18T03:31:07.163+01:00  INFO 34860 --- [booking-engine] [  restartedMain] j.LocalContainerEntityManagerFactoryBean : Initialized JPA EntityManagerFactory for persistence unit 'default'
2026-01-18T03:31:07.707+01:00  INFO 34860 --- [booking-engine] [  restartedMain] o.s.b.w.a.WelcomePageHandlerMapping      : Adding welcome page template: index
2026-01-18T03:31:08.268+01:00  INFO 34860 --- [booking-engine] [  restartedMain] r$InitializeUserDetailsManagerConfigurer : Global AuthenticationManager configured with UserDetailsService bean with name inMemoryUserDetailsManager
2026-01-18T03:31:08.620+01:00  INFO 34860 --- [booking-engine] [  restartedMain] o.s.boot.tomcat.TomcatWebServer          : Tomcat started on port 8080 (http) with context path '/'
2026-01-18T03:31:08.633+01:00  INFO 34860 --- [booking-engine] [  restartedMain] o.s.s.config.TaskSchedulerRouter         : No TaskScheduler/ScheduledExecutorService bean found for scheduled processing
2026-01-18T03:31:08.635+01:00  INFO 34860 --- [booking-engine] [  restartedMain] bookingengine.BookingEngineApplication   : Started BookingEngineApplication in 12.819 seconds (process running for 803.088)
2026-01-18T03:31:08.637+01:00  WARN 34860 --- [booking-engine] [  restartedMain] o.s.core.events.SpringDocAppInitializer  : SpringDoc /v3/api-docs endpoint is enabled by default. To disable it in production, set the property 'springdoc.api-docs.enabled=false'
2026-01-18T03:31:08.638+01:00  WARN 34860 --- [booking-engine] [  restartedMain] o.s.core.events.SpringDocAppInitializer  : SpringDoc /swagger-ui.html endpoint is enabled by default. To disable it in production, set the property 'springdoc.swagger-ui.enabled=false'
2026-01-18T03:31:08.645+01:00  INFO 34860 --- [booking-engine] [  restartedMain] .ConditionEvaluationDeltaLoggingListener : Condition evaluation delta:


==========================
CONDITION EVALUATION DELTA
==========================


Positive matches:
-----------------

   ServletWebSecurityAutoConfiguration.EnableWebSecurityConfiguration matched:
      - @ConditionalOnClass found required class 'org.springframework.security.config.annotation.web.configuration.EnableWebSecurity' (OnClassCondition)
      - @ConditionalOnMissingBean (names: springSecurityFilterChain; SearchStrategy: all) did not find any beans (OnBeanCondition)

   ServletWebSecurityAutoConfiguration.SecurityFilterChainConfiguration matched:
      - AllNestedConditions 2 matched 0 did not; NestedCondition on DefaultWebSecurityCondition.Beans @ConditionalOnMissingBean (types: org.springframework.security.web.SecurityFilterChain; SearchStrategy: all) did not find any beans; NestedCondition on DefaultWebSecurityCondition.Classes @ConditionalOnClass found required classes 'org.springframework.security.web.SecurityFilterChain', 'org.springframework.security.config.annotation.web.builders.HttpSecurity' (DefaultWebSecurityCondition)

   UserDetailsServiceAutoConfiguration matched:
      - @ConditionalOnClass found required class 'org.springframework.security.authentication.AuthenticationManager' (OnClassCondition)
      - found 'session' scope (OnWebApplicationCondition)
      - AnyNestedCondition 3 matched 0 did not; NestedCondition on MissingAlternativeUserDetailsManagerOrUserPropertiesConfigured.PasswordConfigured @ConditionalOnProperty (spring.security.user.password) matched; NestedCondition on MissingAlternativeUserDetailsManagerOrUserPropertiesConfigured.NameConfigured @ConditionalOnProperty (spring.security.user.name) matched; NestedCondition on MissingAlternativeUserDetailsManagerOrUserPropertiesConfigured.MissingAlternative @ConditionalOnMissingClass did not find unwanted classes 'org.springframework.security.oauth2.client.registration.ClientRegistrationRepository', 'org.springframework.security.oauth2.server.resource.introspection.OpaqueTokenIntrospector', 'org.springframework.security.saml2.provider.service.registration.RelyingPartyRegistrationRepository' (MissingAlternativeUserDetailsManagerOrUserPropertiesConfigured)
      - @ConditionalOnMissingBean (types: org.springframework.security.authentication.AuthenticationManager,org.springframework.security.authentication.AuthenticationProvider,org.springframework.security.core.userdetails.UserDetailsService,org.springframework.security.authentication.AuthenticationManagerResolver,?; SearchStrategy: all) did not find any beans (OnBeanCondition)


Negative matches:
-----------------

    None


Exclusions:
-----------

    None


Unconditional classes:
----------------------

    None



2026-01-18T03:31:11.511+01:00  INFO 34860 --- [booking-engine] [   File Watcher] rtingClassPathChangeChangedEventListener : Restarting due to 76 class path changes (76 additions, 0 deletions, 0 modifications)
2026-01-18T03:31:11.520+01:00  INFO 34860 --- [booking-engine] [      Thread-21] o.s.boot.tomcat.GracefulShutdown         : Commencing graceful shutdown. Waiting for active requests to complete
2026-01-18T03:31:11.532+01:00  INFO 34860 --- [booking-engine] [tomcat-shutdown] o.s.boot.tomcat.GracefulShutdown         : Graceful shutdown complete
2026-01-18T03:31:11.547+01:00  INFO 34860 --- [booking-engine] [      Thread-21] .s.m.e.c.DefaultEventPublicationRegistry : No publications outstanding!
2026-01-18T03:31:11.548+01:00  INFO 34860 --- [booking-engine] [      Thread-21] j.LocalContainerEntityManagerFactoryBean : Closing JPA EntityManagerFactory for persistence unit 'default'
2026-01-18T03:31:11.550+01:00  WARN 34860 --- [booking-engine] [      Thread-21] o.s.b.f.support.DisposableBeanAdapter    : Invocation of destroy method failed on bean with name 'inMemoryDatabaseShutdownExecutor': org.springframework.boot.jdbc.autoconfigure.DataSourceProperties$DataSourceBeanCreationException: Failed to determine a suitable driver class
2026-01-18T03:31:11.550+01:00  INFO 34860 --- [booking-engine] [      Thread-21] com.zaxxer.hikari.HikariDataSource       : HikariPool-2 - Shutdown initiated...
2026-01-18T03:31:11.553+01:00  INFO 34860 --- [booking-engine] [      Thread-21] com.zaxxer.hikari.HikariDataSource       : HikariPool-2 - Shutdown completed.

  .   ____          _            __ _ _
 /\\ / ___'_ __ _ _(_)_ __  __ _ \ \ \ \
( ( )\___ | '_ | '_| | '_ \/ _` | \ \ \ \
 \\/  ___)| |_)| | | | | || (_| |  ) ) ) )
  '  |____| .__|_| |_|_| |_\__, | / / / /
 =========|_|==============|___/=/_/_/_/

 :: Spring Boot ::                (v4.0.1)

2026-01-18T03:31:11.675+01:00  INFO 34860 --- [booking-engine] [  restartedMain] bookingengine.BookingEngineApplication   : Starting BookingEngineApplication using Java 24.0.1 with PID 34860 (C:\Users\attoy\IdeaProjects\ESIEA-S2-booking-engine\be-back\target\classes started by attoy in C:\Users\attoy\IdeaProjects\ESIEA-S2-booking-engine\be-back)
2026-01-18T03:31:11.676+01:00  INFO 34860 --- [booking-engine] [  restartedMain] bookingengine.BookingEngineApplication   : No active profile set, falling back to 1 default profile: "default"
2026-01-18T03:31:11.682+01:00  INFO 34860 --- [booking-engine] [  restartedMain] .s.b.d.c.l.DockerComposeLifecycleManager : Using Docker Compose file C:\Users\attoy\IdeaProjects\ESIEA-S2-booking-engine\be-back\compose.yaml
2026-01-18T03:31:12.311+01:00  INFO 34860 --- [booking-engine] [  restartedMain] .s.b.d.c.l.DockerComposeLifecycleManager : There are already Docker Compose services running, skipping startup
2026-01-18T03:31:12.665+01:00  INFO 34860 --- [booking-engine] [  restartedMain] .s.d.r.c.RepositoryConfigurationDelegate : Bootstrapping Spring Data JPA repositories in DEFAULT mode.
2026-01-18T03:31:12.752+01:00  INFO 34860 --- [booking-engine] [  restartedMain] .s.d.r.c.RepositoryConfigurationDelegate : Finished Spring Data repository scanning in 83 ms. Found 5 JPA repository interfaces.
2026-01-18T03:31:12.908+01:00  INFO 34860 --- [booking-engine] [  restartedMain] o.s.boot.tomcat.TomcatWebServer          : Tomcat initialized with port 8080 (http)
2026-01-18T03:31:12.911+01:00  INFO 34860 --- [booking-engine] [  restartedMain] o.apache.catalina.core.StandardService   : Starting service [Tomcat]
2026-01-18T03:31:12.911+01:00  INFO 34860 --- [booking-engine] [  restartedMain] o.apache.catalina.core.StandardEngine    : Starting Servlet engine: [Apache Tomcat/11.0.15]
2026-01-18T03:31:12.929+01:00  INFO 34860 --- [booking-engine] [  restartedMain] b.w.c.s.WebApplicationContextInitializer : Root WebApplicationContext: initialization completed in 617 ms
2026-01-18T03:31:12.973+01:00  INFO 34860 --- [booking-engine] [  restartedMain] com.zaxxer.hikari.HikariDataSource       : HikariPool-3 - Starting...
2026-01-18T03:31:13.021+01:00  INFO 34860 --- [booking-engine] [  restartedMain] com.zaxxer.hikari.pool.HikariPool        : HikariPool-3 - Added connection org.postgresql.jdbc.PgConnection@280f26f1
2026-01-18T03:31:13.022+01:00  INFO 34860 --- [booking-engine] [  restartedMain] com.zaxxer.hikari.HikariDataSource       : HikariPool-3 - Start completed.
2026-01-18T03:31:13.059+01:00  INFO 34860 --- [booking-engine] [  restartedMain] org.hibernate.orm.jpa                    : HHH008540: Processing PersistenceUnitInfo [name: default]
2026-01-18T03:31:13.090+01:00  INFO 34860 --- [booking-engine] [  restartedMain] o.s.o.j.p.SpringPersistenceUnitInfo      : No LoadTimeWeaver setup: ignoring JPA class transformer
2026-01-18T03:31:13.112+01:00  INFO 34860 --- [booking-engine] [  restartedMain] org.hibernate.orm.connections.pooling    : HHH10001005: Database info:
	Database JDBC URL [jdbc:postgresql://127.0.0.1:5432/mydatabase?ApplicationName=booking-engine]
	Database driver: PostgreSQL JDBC Driver
	Database dialect: PostgreSQLDialect
	Database version: 18.1
	Default catalog/schema: mydatabase/public
	Autocommit mode: undefined/unknown
	Isolation level: READ_COMMITTED [default READ_COMMITTED]
	JDBC fetch size: none
	Pool: DataSourceConnectionProvider
	Minimum pool size: undefined/unknown
	Maximum pool size: undefined/unknown
2026-01-18T03:31:13.255+01:00  INFO 34860 --- [booking-engine] [  restartedMain] org.hibernate.orm.core                   : HHH000489: No JTA platform available (set 'hibernate.transaction.jta.platform' to enable JTA platform integration)
2026-01-18T03:31:13.276+01:00  INFO 34860 --- [booking-engine] [  restartedMain] j.LocalContainerEntityManagerFactoryBean : Initialized JPA EntityManagerFactory for persistence unit 'default'
2026-01-18T03:31:13.466+01:00  WARN 34860 --- [booking-engine] [  restartedMain] ConfigServletWebServerApplicationContext : Exception encountered during context initialization - cancelling refresh attempt: org.springframework.beans.factory.UnsatisfiedDependencyException: Error creating bean with name 'paymentController' defined in file [C:\Users\attoy\IdeaProjects\ESIEA-S2-booking-engine\be-back\target\classes\bookingengine\adapters\web\controllers\PaymentController.class]: Unsatisfied dependency expressed through constructor parameter 0: No qualifying bean of type 'bookingengine.usecase.payment.PaymentUseCase' available: expected at least 1 bean which qualifies as autowire candidate. Dependency annotations: {}
2026-01-18T03:31:13.473+01:00  INFO 34860 --- [booking-engine] [  restartedMain] j.LocalContainerEntityManagerFactoryBean : Closing JPA EntityManagerFactory for persistence unit 'default'
2026-01-18T03:31:13.474+01:00  WARN 34860 --- [booking-engine] [  restartedMain] o.s.b.f.support.DisposableBeanAdapter    : Invocation of destroy method failed on bean with name 'inMemoryDatabaseShutdownExecutor': org.springframework.boot.jdbc.autoconfigure.DataSourceProperties$DataSourceBeanCreationException: Failed to determine a suitable driver class
2026-01-18T03:31:13.474+01:00  INFO 34860 --- [booking-engine] [  restartedMain] com.zaxxer.hikari.HikariDataSource       : HikariPool-3 - Shutdown initiated...
2026-01-18T03:31:13.481+01:00  INFO 34860 --- [booking-engine] [  restartedMain] com.zaxxer.hikari.HikariDataSource       : HikariPool-3 - Shutdown completed.
2026-01-18T03:31:13.482+01:00  INFO 34860 --- [booking-engine] [  restartedMain] o.apache.catalina.core.StandardService   : Stopping service [Tomcat]
2026-01-18T03:31:13.486+01:00  INFO 34860 --- [booking-engine] [  restartedMain] .s.b.a.l.ConditionEvaluationReportLogger : 

Error starting ApplicationContext. To display the condition evaluation report re-run your application with 'debug' enabled.
2026-01-18T03:31:13.512+01:00 ERROR 34860 --- [booking-engine] [  restartedMain] o.s.b.d.LoggingFailureAnalysisReporter   : 

***************************
APPLICATION FAILED TO START
***************************

Description:

Parameter 0 of constructor in bookingengine.adapters.web.controllers.PaymentController required a bean of type 'bookingengine.usecase.payment.PaymentUseCase' that could not be found.


Action:

Consider defining a bean of type 'bookingengine.usecase.payment.PaymentUseCase' in your configuration.

